		; serial-port ROM monitor/boot for debugging Kaypro.
		; Uses "aux serial" a.k.a "Serial Printer" port.
		
0019          	VERN	equ	019h	; ROM version
		
0000          	rom2k	equ	0
		
0000          	 if rom2k
		 else
1000          	romsiz	equ	1000h	; minimum space for ROM
		 endif
		
			maclib	z80
**** z80.lib ****
**** monitor.asm ****
		
0000          	false	equ	0
FFFF          	true	equ	not false
		
			$*macro
		
000D          	CR	equ	13
000A          	LF	equ	10
0003          	CTLC	equ	3
0007          	BEL	equ	7
0009          	TAB	equ	9
0008          	BS	equ	8
001B          	ESC	equ	27
0000          	TRM	equ	0
007F          	DEL	equ	127
		
		; WD1943 at 5.0688MHz...
000E          	B9600	equ	0eh
0005          	B300	equ	05h
		; */84 (and 10) sysport drive select
0002          	DS0	equ	0010b
0001          	DS1	equ	0001b
0003          	DSNONE	equ	0011b	; also mask
0010          	K84MTR	equ	00010000b	; */84 (10) MOTOR control, 1=ON
0010          	K83PPS	equ	00010000b	; */83 ParPrt strobe (normally 0)
0040          	K84CCG	equ	01000000b	; */84 (10) CharGen A12
0040          	K83MTR	equ	01000000b	; */83 MOTOR control, 1=OFF
		
0004          	sio1	equ	04h	; "serial data", "keyboard"
000C          	sio2	equ	0ch	; "serial printer", "modem"
0000          	brd1	equ	00h
0008          	brd2	equ	08h
		
0000          	sioA	equ	00h	; offsets
0001          	sioB	equ	01h
		
0000          	sioD	equ	00h	; offsets
0002          	sioC	equ	02h
		
		; Choose Z80SIO port to use...
0004          	condat	equ	sio1+sioA+sioD
0006          	conctl	equ	sio1+sioA+sioC
0000          	conbrr	equ	brd1
		
0005          	kbddat	equ	sio1+sioB+sioD
0007          	kbdctl	equ	sio1+sioB+sioC
000C          	kbdbrr	equ	0ch	; */83 uses WD1943, else hardwired to 300 baud
		
001C          	crtctl	equ	1ch	; */84 and 10 only
001D          	crtdat	equ	1dh	; */84 and 10 only
001F          	crtram	equ	1fh	; also accesses CRTC
		
0014          	sysp84	equ	14h	; sysport on */84 (and 10). */83 have nothing here.
		
0010          	fpysts	equ	10h
0010          	fpycmd	equ	10h
0011          	fpytrk	equ	11h
0012          	fpysec	equ	12h
0013          	fpydat	equ	13h
		
0000          	stack	equ	00000h	; stack at top of memory (wrapped)
		
		; Start of ROM code
0000          		org	00000h
0008          	rst0e	equ	$+8
0000  C36A00  		jmp	init
0003  FFFFFFFF		db	0ffh,0ffh,0ffh,0ffh,0ffh
      FF
		
0010          	rst1e	equ	$+8
0008  C34B00  	rst1:	jmp	swtrap
000B  FFFFFFFF		db	0ffh,0ffh,0ffh,0ffh,0ffh
      FF
		
0018          	rst2e	equ	$+8
0010  C34B00  	rst2:	jmp	swtrap
0013  FFFFFFFF		db	0ffh,0ffh,0ffh,0ffh,0ffh
      FF
		
0020          	rst3e	equ	$+8
0018  C34B00  	rst3:	jmp	swtrap
001B  FFFFFFFF		db	0ffh,0ffh,0ffh,0ffh,0ffh
      FF
		
0028          	rst4e	equ	$+8
0020  C34B00  	rst4:	jmp	swtrap
0023  FFFFFFFF		db	0ffh,0ffh,0ffh,0ffh,0ffh
      FF
		
0030          	rst5e	equ	$+8
0028  C34B00  	rst5:	jmp	swtrap
002B  FFFFFFFF		db	0ffh,0ffh,0ffh,0ffh,0ffh
      FF
		
0038          	rst6e	equ	$+8
0030  C34B00  	rst6:	jmp	swtrap
0033  FFFFFFFF		db	0ffh,0ffh,0ffh,0ffh,0ffh
      FF
		
0040          	rst7e	equ	$+8
0038  C34B00  	rst7:	jmp	swtrap
003B  FFFFFFFF		db	0ffh,0ffh,0ffh,0ffh,0ffh
      FF
		
			; NMI not a problem?
		
0040  0D0A2A2A	swt:	db	CR,LF,'*** RST ',TRM
      2A205253
      542000
		
004B  F3      	swtrap:	di		; try to recover return address...
004C  D1      		pop	d	; should be caller of RST...
004D  310000  		lxi	sp,stack
0050  D5      		push	d	; not needed?
0051  214000  		lxi	h,swt
0054  CD2A07  		call	msgprt
0057  D1      		pop	d
0058  CD0107  		call	taddr
005B  CD2007  		call	crlf
			; TODO: print address, etc...
005E  C3DC00  		jmp	debug
		
0061  18      	sioini:	db	18h	; reset
0062  0444    		db	4,044h	; 16x, 1s, Np
0064  03C1    		db	3,0c1h	; 8b, RxEn
0066  05EA    		db	5,0eah	; DTR, 8b, TxEn, RTS
0068  0100    		db	1,000h	;
0009          	siolen	equ	$-sioini
		
		; ROM start point - initialize everything
		; We know we have 64K RAM...
006A  F3      	init:	di
006B  310000  		lxi	sp,stack
		
			; init serial port
006E  3E0E    		mvi	a,B9600
0070  D300    		out	conbrr
0072  216100  		lxi	h,sioini
0075  0E06    		mvi	c,conctl
0077  0609    		mvi	b,siolen
0079          		outir
0079  EDB3    		DB	0EDH,0B3H
		
007B  21BF00  		lxi	h,signon
007E  CD2A07  		call	msgprt
		
0081  CDE207  		call	proginit
			; save registers on stack, for debugger access...
0084  C3DC00  		jmp	debug
		
0087          	belout:
0087  0E07    		mvi	c,BEL
		; Output char to console
		; C=char
0089          	conout:
0089  DB06    		in	conctl
008B  E604    		ani	00000100b
008D          		jrz	conout
008D  28FA    		DB	28H,conout-$-1
008F  79      		mov	a,c
0090  D304    		out	condat
0092  C9      		ret
		
0093  0D0A3A20	prompt:	db	CR,LF,': ',TRM
      00
		
		; Get char from console
		; Returns: A=char, stripped
0098  E5      	conin:	push	h
0099  210000  	ci2:	lxi	h,0
009C  DB06    	ci0:	in	conctl		; 11
009E  E601    		ani	00000001b	;  7
00A0          		jrnz	ci1		;  7
00A0  200A    		DB	20H,ci1-$-1
00A2  2B      		dcx	h		;  6
00A3  7D      		mov	a,l		;  4
00A4  B4      		ora	h		;  4
00A5          		jrnz	ci0		; 12 = 51 (12.75uS) (~0.8 sec)
00A5  20F5    		DB	20H,ci0-$-1
00A7  CD0608  		call	progress	; on */83 (20.4uS or ~1.3 sec)
00AA          		jr	ci2
00AA  18ED    		DB	18H,ci2-$-1
00AC  DB04    	ci1:	in	condat
00AE  E67F    		ani	07fh
00B0  E1      		pop	h
00B1  C9      		ret
		
		; Get char from console, toupper and echo
00B2          	conine:
00B2  CD9800  		call	conin
00B5  CD4507  		call	toupper
00B8  F5      		push	psw
00B9  4F      		mov	c,a
00BA  CD8900  		call	conout
00BD  F1      		pop	psw
00BE  C9      		ret
		
00BF  0D0A4B61	signon:	db	CR,LF,'Kaypro'
      7970726F
0000          	 if rom2k
		 endif
00C7  204D6F6E		db	' Monitor v'
      69746F72
      2076
00D1  312E39  	vernum:	db	(VERN SHR 4)+'0','.',(VERN AND 0fh)+'0'
00D4  0D0A00  		db	CR,LF,TRM
		
00D7  0D0A073F	errm:	db	CR,LF,BEL,'?',TRM
      00
		
		*********************************************************
		**  Debug mode
		*********************************************************
		
00DC          	debug:
00DC  310000  	cilp:	lxi	sp,stack
00DF  21DC00  		lxi	h,cilp		;setup return address
00E2  E5      		push	h
00E3  219300  		lxi	h,prompt	;prompt for a command
00E6  CD2A07  		call	msgprt
00E9  CD4E07  		call	linein		;wait for command line to be entered
00EC  CDF507  		call	progoff		; turn off progress indicators
00EF  1104FF  		lxi	d,line
00F2  CD9C07  		call	char		;get first character
00F5  C8      		rz			;ignore line if it is empty
00F6  211001  		lxi	h,comnds	;search table for command character
00F9  060B    		mvi	b,ncmnds	;(number of commands)
00FB  BE      	cci0:	cmp	m		;search command table
00FC  23      		inx	h
00FD          		jrz	gotocmd		;command was found, execute it
00FD  280A    		DB	28H,gotocmd-$-1
00FF  23      		inx	h		;step past routine address
0100  23      		inx	h
0101          		djnz	cci0		;loop untill all valid commands are checked
0101  10F8    		DB	10H,cci0-$-1
0103  21D700  	error:	lxi	h,errm		;if command unknown, beep and re-prompt
0106  C32A07  		jmp	msgprt
		
0109          	gotocmd:
0109  D5      		push	d		;save command line buffer pointer
010A  5E      		mov	e,m		;get command routine address
010B  23      		inx	h
010C  56      		mov	d,m		;DE = routine address
010D  EB      		xchg			;HL = routine address
010E  D1      		pop	d		;restore buffer pointer
010F  E9      		pchl			;jump to command routine
		
		; All commands are started with DE=next char in line buffer
0110          	comnds:
0110  3F      		db	'?'
0111  E902    		dw	Qcomnd
0113  44      		db	'D'
0114  9103    		dw	Dcomnd
0116  53      		db	'S'
0117  F703    		dw	Scomnd
0119  47      		db	'G'
011A  5F04    		dw	Gcomnd
011C  4D      		db	'M'
011D  F002    		dw	Mcomnd
011F  46      		db	'F'
0120  5103    		dw	Fcomnd
0122  49      		db	'I'
0123  9A04    		dw	Icomnd
0125  4F      		db	'O'
0126  EC04    		dw	Ocomnd
0128  4E      		db	'N'
0129  2105    		dw	Ncomnd
012B  54      		db	'T'
012C  A705    		dw	Tcomnd
012E  56      		db	'V'
012F  FB06    		dw	Vcomnd
000B          	ncmnds	equ	($-comnds)/3
		
		*********************************************************
		**  Command subroutines
		*********************************************************
		
0131          	menu:
0131  0D0A4420		db	CR,LF,'D <start> <end> - display memory in HEX'
      3C737461
      72743E20
      3C656E64
      3E202D20
      64697370
      6C617920
      6D656D6F
      72792069
      6E204845
      58
015A  0D0A5320		db	CR,LF,'S <start> - set/view memory'
      3C737461
      72743E20
      2D207365
      742F7669
      6577206D
      656D6F72
      79
0177  0D0A2020		db	CR,LF,'    (CR) = skip fwd, ''-'' = skip bkwd, ''.'' = done'
      20202843
      5229203D
      20736B69
      70206677
      642C2027
      2D27203D
      20736B69
      7020626B
      77642C20
      272E2720
      3D20646F
      6E65
01A9  0D0A4720		db	CR,LF,'G <start> - go to address'
      3C737461
      72743E20
      2D20676F
      20746F20
      61646472
      657373
01C4  0D0A4620		db	CR,LF,'F <start> <end> <data> - fill memory'
      3C737461
      72743E20
      3C656E64
      3E203C64
      6174613E
      202D2066
      696C6C20
      6D656D6F
      7279
01EA  0D0A4D20		db	CR,LF,'M <start> <end> <dest> - Move data'
      3C737461
      72743E20
      3C656E64
      3E203C64
      6573743E
      202D204D
      6F766520
      64617461
020E  0D0A4920		db	CR,LF,'I <port> [num] - Input from port'
      3C706F72
      743E205B
      6E756D5D
      202D2049
      6E707574
      2066726F
      6D20706F
      7274
0230  0D0A4F20		db	CR,LF,'O <port> <value> [...] - Output to port'
      3C706F72
      743E203C
      76616C75
      653E205B
      2E2E2E5D
      202D204F
      75747075
      7420746F
      20706F72
      74
0259  0D0A4E20		db	CR,LF,'N <hw> - iNitialize hardware (KB83'
      3C68773E
      202D2069
      4E697469
      616C697A
      65206861
      72647761
      72652028
      4B423833
FFFF          	 if not rom2k
027D  2C204B42		db		', KB84, CRTC'
      38342C20
      43525443
		 endif
0289  29      		db		')'
028A  0D0A5420		db	CR,LF,'T <hw> - Test hardware (KBD'
      3C68773E
      202D2054
      65737420
      68617264
      77617265
      20284B42
      44
FFFF          	 if not rom2k
02A7  2C204352		db		', CRTC, VRT'
      54432C20
      565254
		 endif
02B2  2C20464C		db		', FLPY)'
      505929
02B9  0D0A5620		db	CR,LF,'V - Show ROM version'
      2D205368
      6F772052
      4F4D2076
      65727369
      6F6E
02CF  0D0A5E43		db	CR,LF,'^C aborts command entry'
      2061626F
      72747320
      636F6D6D
      616E6420
      656E7472
      79
02E8  00      		db	TRM
		
02E9          	Qcomnd:
02E9  213101  		lxi	h,menu
02EC  CD2A07  		call	msgprt
02EF  C9      		ret
		
02F0  CDA807  	Mcomnd:	call	getaddr
02F3  DA0301  		jc	error
02F6          		bit	7,b
02F6  CB78    		DB	0CBH,7*8+b+40H
02F8  C20301  		jnz	error
02FB  2200FF  		shld	addr0
02FE  CDA807  		call	getaddr
0301  DA0301  		jc	error
0304          		bit	7,b
0304  CB78    		DB	0CBH,7*8+b+40H
0306  C20301  		jnz	error
0309  2202FF  		shld	addr1
030C  CDA807  		call	getaddr
030F  DA0301  		jc	error
0312          		bit	7,b
0312  CB78    		DB	0CBH,7*8+b+40H
0314  C20301  		jnz	error
0317  EB      		xchg
0318          		lbcd	addr0
0318  ED4B    		DB	0EDH,4BH
031A  00FF    		DW	addr0
031C  2A02FF  		lhld	addr1
031F  B7      		ora	a
0320          		dsbc	b
0320  ED42    		DB	0EDH,b*8+42H
0322  DA0301  		jc	error
0325  23      		inx	h
0326  4D      		mov	c,l
0327  44      		mov	b,h
0328  D5      		push	d
0329  EB      		xchg
032A  09      		dad	b
032B  D1      		pop	d
032C  DA0301  		jc	error
032F  2A02FF  		lhld	addr1
0332  CD3F07  		call	check
0335  DA4B03  		jc	mc0
0338  2A00FF  		lhld	addr0
033B  CD3F07  		call	check
033E  D24B03  		jnc	mc0
0341  2A02FF  		lhld	addr1
0344  EB      		xchg
0345  09      		dad	b
0346  2B      		dcx	h
0347  EB      		xchg
0348          		lddr
0348  EDB8    		DB	0EDH,0B8H
034A  C9      		ret
034B  2A00FF  	mc0:	lhld	addr0
034E          		ldir
034E  EDB0    		DB	0EDH,0B0H
0350  C9      		ret
0351          	Fcomnd:
0351  CDA807  		call	getaddr ;get address to start at
0354  DA0301  		jc	error	;error if non-hex character
0357          		bit	7,b	;test for no address (different from 0000)
0357  CB78    		DB	0CBH,7*8+b+40H
0359  C20301  		jnz	error	;error if no address was entered
035C  2200FF  		shld	addr0	;save starting address
035F  CDA807  		call	getaddr ;get stop address
0362  DA0301  		jc	error	;error if non-hex character
0365          		bit	7,b	;test for no entry
0365  CB78    		DB	0CBH,7*8+b+40H
0367  C20301  		jnz	error	;error if no stop address
036A  2202FF  		shld	addr1	;save stop address
036D  CDA807  		call	getaddr ;get fill data
0370  DA0301  		jc	error	;error if non-hex character
0373          		bit	7,b	;test for no entry
0373  CB78    		DB	0CBH,7*8+b+40H
0375  C20301  		jnz	error	;error if no fill data
0378  7C      		mov	a,h
0379  B7      		ora	a
037A  C20301  		jnz	error
037D  4D      		mov	c,l	;(C)=fill data
037E  2A02FF  		lhld	addr1	;get stop address
0381          		lded	addr0	;get start address
0381  ED5B    		DB	0EDH,5BH
0383  00FF    		DW	addr0
0385  79      	fc0:	mov	a,c	;
0386  12      		stax	d	;put byte in memory
0387  13      		inx	d	;step to next byte
0388  7A      		mov	a,d	;
0389  B3      		ora	e	;if we reach 0000, stop. (don't wrap around)
038A  C8      		rz		;
038B  CD3F07  		call	check	;test for past stop address
038E  D8      		rc	;quit if past stop address
038F          		jr	fc0
038F  18F4    		DB	18H,fc0-$-1
		
0391          	Dcomnd:		;display memory
0391  CDA807  		call	getaddr ;get address to start at
0394  DA0301  		jc	error	;error if non-hex character
0397          		bit	7,b	;test for no address (different from 0000)
0397  CB78    		DB	0CBH,7*8+b+40H
0399  C20301  		jnz	error	;error if no address was entered
039C  2200FF  		shld	addr0	;save starting address
039F  CDA807  		call	getaddr ;get stop address
03A2  DA0301  		jc	error	;error if non-hex character
03A5          		bit	7,b	;test for no entry
03A5  CB78    		DB	0CBH,7*8+b+40H
03A7  C20301  		jnz	error	;error if no stop address
03AA          		lded	addr0	;get start address into (DE)
03AA  ED5B    		DB	0EDH,5BH
03AC  00FF    		DW	addr0
03AE  CD2007  	dis0:	call	crlf	;start on new line
03B1  CD0107  		call	taddr	;print current address
03B4  CD1B07  		call	space	;delimit it from data
03B7  0610    		mvi	b,16	;display 16 bytes on each line
03B9  1A      	dis1:	ldax	d	;get byte to display
03BA  13      		inx	d	;step to next byte
03BB  CD0607  		call	hexout	;display this byte in HEX
03BE  CD1B07  		call	space	;delimit it from others
03C1  7A      		mov	a,d
03C2  B3      		ora	e	;if we reach 0000, stop. (don't wrap around)
03C3          		jrz	dis2
03C3  2807    		DB	28H,dis2-$-1
03C5  CD3F07  		call	check	;test for past stop address
03C8          		jrc	dis2	;quit if past stop address
03C8  3802    		DB	38H,dis2-$-1
03CA          		djnz	dis1	;else do next byte on this line
03CA  10ED    		DB	10H,dis1-$-1
03CC  CD1B07  	dis2:	call	space	;delimit it from data
03CF  CD1B07  		call	space
03D2          		lded	addr0
03D2  ED5B    		DB	0EDH,5BH
03D4  00FF    		DW	addr0
03D6  0610    		mvi	b,16	;display 16 bytes on each line
03D8  1A      	dis3:	ldax	d	;get byte to display
03D9  13      		inx	d	;step to next byte
03DA  0E2E    		mvi	c,'.'
03DC  FE20    		cpi	' '
03DE          		jrc	dis4
03DE  3805    		DB	38H,dis4-$-1
03E0  FE7F    		cpi	'~'+1
03E2          		jrnc	dis4
03E2  3001    		DB	30H,dis4-$-1
03E4  4F      		mov	c,a
03E5  CD8900  	dis4:	call	conout
03E8  7A      		mov	a,d
03E9  B3      		ora	e	;if we reach 0000, stop. (don't wrap around)
03EA  C8      		rz
03EB  CD3F07  		call	check	;test for past stop address
03EE  D8      		rc	;quit if past stop address
03EF          		djnz	dis3	;else do next byte on this line
03EF  10E7    		DB	10H,dis3-$-1
03F1          		sded	addr0
03F1  ED53    		DB	0EDH,53H
03F3  00FF    		DW	addr0
03F5          		jr	dis0	;when line is finished, start another
03F5  18B7    		DB	18H,dis0-$-1
		
03F7          	Scomnd: 		;substitute (set) memory
03F7  CDA807  		call	getaddr ;get address to start substitution at
03FA  DA0301  		jc	error	;error if non-hex character
03FD          		bit	7,b	;test for no entry
03FD  CB78    		DB	0CBH,7*8+b+40H
03FF  C20301  		jnz	error	;error if no address
0402  EB      		xchg		;put address in (DE)
0403  CD2007  	sb1:	call	crlf	;start on new line
0406  CD0107  		call	taddr	;print address
0409  CD1B07  		call	space	;and delimit it
040C  1A      		ldax	d	;get current value of byte
040D  CD0607  		call	hexout	;and display it
0410  CD1B07  		call	space	;delimit it from user's (posible) entry
0413  0600    		mvi	b,0	;zero accumilator for user's entry
0415  CDB200  	sb2:	call	conine	;get user's first character
0418  FE0D    		cpi	CR	;if CR then skip to next byte
041A          		jrz	foward
041A  2833    		DB	28H,foward-$-1
041C  FE20    		cpi	' '	;or if Space then skip to next
041E          		jrz	foward
041E  282F    		DB	28H,foward-$-1
0420  FE2D    		cpi	'-'	;if Minus then step back to previous address
0422          		jrz	bakwrd
0422  282E    		DB	28H,bakwrd-$-1
0424  FE2E    		cpi	'.'	;if Period then stop substitution
0426  C8      		rz
0427  CDCF07  		call	hexcon	;if none of the above, should be HEX digit
042A          		jrc	error0	;error if not
042A  3829    		DB	38H,error0-$-1
042C          		jr	sb3	;start accumilating HEX digits
042C  1805    		DB	18H,sb3-$-1
042E  CDCF07  	sb0:	call	hexcon	;test for HEX digit
0431          		jrc	error1	;error if not HEX
0431  3827    		DB	38H,error1-$-1
0433          	sb3:	slar	b	;roll accumilator to receive new digit
0433  CB20    		DB	0CBH, 20H + b
0435          		slar	b
0435  CB20    		DB	0CBH, 20H + b
0437          		slar	b
0437  CB20    		DB	0CBH, 20H + b
0439          		slar	b
0439  CB20    		DB	0CBH, 20H + b
043B  B0      		ora	b	;merge in new digit
043C  47      		mov	b,a
043D  CDB200  	sb4:	call	conine	;get next character
0440  FE0D    		cpi	CR	;if CR then put existing byte into memory
0442          		jrz	putbyte ;  and step to next.
0442  2809    		DB	28H,putbyte-$-1
0444  FE2E    		cpi	'.'
0446  C8      		rz
0447  FE7F    		cpi	del	;if DEL then restart at same address
0449          		jrz	sb1
0449  28B8    		DB	28H,sb1-$-1
044B          		jr	sb0	;else continue entering hex digits
044B  18E1    		DB	18H,sb0-$-1
044D          	putbyte:
044D  78      		mov	a,b	;store accumilated byte in memory
044E  12      		stax	d
044F          	foward:
044F  13      		inx	d	;step to next location
0450          		jr	sb1	;and allow substitution there
0450  18B1    		DB	18H,sb1-$-1
		
0452          	bakwrd:
0452  1B      		dcx	d	;move address backward one location
0453          		jr	sb1
0453  18AE    		DB	18H,sb1-$-1
		
0455  CD8700  	error0:	call	belout	;user's entry was not valid, beep and continue
0458          		jr	sb2
0458  18BB    		DB	18H,sb2-$-1
045A  CD8700  	error1:	call	belout	;same as above but for different section of routine
045D          		jr	sb4
045D  18DE    		DB	18H,sb4-$-1
		
045F          	Gcomnd: 		;jump to address given by user
045F  CDA807  		call	getaddr ;get address to jump to
0462  DA0301  		jc	error	;error if non-hex character
0465          		bit	7,b	;test for no entry
0465  CB78    		DB	0CBH,7*8+b+40H
0467  C20301  		jnz	error	;error if no address entered
046A  CD2007  		call	crlf	;on new line,
046D  0E47    		mvi	c,'G'	;display "GO aaaa?" to ask
046F  CD8900  		call	conout	;user to verify that we should
0472  0E4F    		mvi	c,'O'	;jump to this address (in case user
0474  CD8900  		call	conout	;made a mistake we should not blindly
0477  CD1B07  		call	space	;commit suicide)
047A  EB      		xchg
047B  CD0107  		call	taddr
047E  CD1B07  		call	space
0481  0E3F    		mvi	c,'?'
0483  CD8900  		call	conout
0486  CDB200  		call	conine	;wait for user to type "Y" to
0489  FE59    		cpi	'Y'	;indicate that we should jump.
048B  C0      		rnz		;abort if response was not "Y"
048C  CD2007  		call	crlf	; visual feedback
048F  EB      		xchg
0490  E9      		pchl		;else jump to address
		
0491  0D0A496E	inpms:	db	CR,LF,'Input ',TRM
      70757420
      00
049A          	Icomnd:
049A  CDA807  		call	getaddr ;get port address, ignore extra MSDs
049D  DA0301  		jc	error	;error if non-hex character
04A0          		bit	7,b	;test for no entry
04A0  CB78    		DB	0CBH,7*8+b+40H
04A2  C20301  		jnz	error	;error if no address entered
04A5  E5      		push	h	; save port
04A6  CDA807  		call	getaddr	; hex number of inputs to do
04A9  DA0301  		jc	error
04AC          		bit	7,b
04AC  CB78    		DB	0CBH,7*8+b+40H
04AE          		jrz	ic0
04AE  2803    		DB	28H,ic0-$-1
04B0  210100  		lxi	h,1
04B3          	ic0:
04B3  E3      		xthl		; save count
04B4  E5      		push	h	; re-save port
04B5  219104  		lxi	h,inpms
04B8  CD2A07  		call	msgprt
04BB  E1      		pop	h
04BC  E5      		push	h
04BD  7D      		mov	a,l
04BE  CD0607  		call	hexout
04C1  CD1B07  		call	space
04C4  0E3D    		mvi	c,'='
04C6  CD8900  		call	conout
			; "Input XX ="
04C9  C1      		pop	b	; port to BC
04CA  E1      		pop	h	; count to HL (L)
04CB  260D    		mvi	h,16-3
04CD  0600    		mvi	b,0	; safety
04CF  C5      		push	b	; C gets trashed by conout
04D0          	ic1:
04D0  CD1B07  		call	space
04D3  C1      		pop	b
04D4  C5      		push	b
04D5          		inp	a
04D5  ED78    		DB	0EDH,a*8+40H
04D7  CD0607  		call	hexout
04DA  2D      		dcr	l	; assume <= 256
04DB          		jrz	ic2
04DB  280A    		DB	28H,ic2-$-1
04DD  25      		dcr	h	; col count
04DE          		jrnz	ic1
04DE  20F0    		DB	20H,ic1-$-1
04E0  CD2007  		call	crlf
04E3  2610    		mvi	h,16
04E5          		jr	ic1
04E5  18E9    		DB	18H,ic1-$-1
04E7          	ic2:
04E7  C1      		pop	b	; fix stack
04E8  CD2007  		call	crlf
04EB  C9      		ret
		
		; TODO: no feedback?
04EC          	Ocomnd:
04EC  CDA807  		call	getaddr ;get port address, ignore extra MSDs
04EF  DA0301  		jc	error	;error if non-hex character
04F2          		bit	7,b	;test for no entry
04F2  CB78    		DB	0CBH,7*8+b+40H
04F4  C20301  		jnz	error	;error if no address entered
04F7  2600    		mvi	h,0	; safety
04F9  E5      		push	h	; save port
04FA  CDA807  		call	getaddr ;get value, ignore extra MSDs
04FD  DA0301  		jc	error	;error if non-hex character
0500          		bit	7,b	;test for no entry
0500  CB78    		DB	0CBH,7*8+b+40H
0502  C20301  		jnz	error	;error if no value entered
0505  CD2007  		call	crlf
0508          	oc0:		; L has byte to output...
0508  C1      		pop	b	; port
0509  C5      		push	b
050A          		outp	l
050A  ED69    		DB	0EDH,l*8+41H
050C  CDA807  		call	getaddr ;get value, ignore extra MSDs
050F  DA0301  		jc	error	;error if non-hex character
					;NOTE: some output has been sent
0512          		bit	7,b	;test for no entry
0512  CB78    		DB	0CBH,7*8+b+40H
0514          		jrz	oc0	;still more to send
0514  28F2    		DB	28H,oc0-$-1
0516  E1      		pop	h	; discard port
0517  C9      		ret
		
0518  CD9C07  	skb:	call	char
051B  C8      		rz		;end of buffer/line before a character was found (ZR)
051C  FE20    		cpi	' '	;skip all leading spaces
051E  C0      		rnz		;if not space, then done (NZ)
051F          		jr	skb	;else if space, loop untill not space
051F  18F7    		DB	18H,skb-$-1
		
0521          	Ncomnd:
0521  CD1805  		call	skb	; skip blanks
0524  CA0301  		jz	error	; required param
			; this may need refinement
0527  1B      		dcx	d
0528  214305  		lxi	h,kb83
052B  CD9305  		call	strcmp
052E          		jrz	nkb83
052E  282F    		DB	28H,nkb83-$-1
FFFF          	 if not rom2k
0530  214805  		lxi	h,kb84
0533  CD9305  		call	strcmp
0536          		jrz	nkb84
0536  282B    		DB	28H,nkb84-$-1
0538  214D05  		lxi	h,crtc
053B  CD9305  		call	strcmp
053E          		jrz	ncrtc
053E  282D    		DB	28H,ncrtc-$-1
		 endif
0540  C30301  		jmp	error
		
0543  4B423833	kb83:	db	'KB83',TRM
      00
FFFF          	 if not rom2k
0548  4B423834	kb84:	db	'KB84',TRM
      00
054D  43525443	crtc:	db	'CRTC',TRM
      00
0552  56525400	vrt:	db	'VRT',TRM
		 endif
0556  464C5059	flpy:	db	'FLPY',TRM
      00
055B  4B424400	kbd:	db	'KBD',TRM
		
055F  3E05    	nkb83:	mvi	a,B300
0561  D30C    		out	kbdbrr	; */83 baud gen for SIO1 ch B
0563  216100  	nkb84:	lxi	h,sioini
0566  0E07    		mvi	c,kbdctl
0568  0609    		mvi	b,siolen
056A          		outir
056A  EDB3    		DB	0EDH,0B3H
056C  C9      		ret
		
FFFF          	 if not rom2k
056D  218305  	ncrtc:	lxi	h,crtini
0570  0E1D    		mvi	c,crtdat	; */84 CRTC 6545 data port
0572  0610    		mvi	b,16
0574  AF      		xra	a	; start with reg 00
0575  0D      	nc0:	dcr	c
0576          		outp	a	; select reg
0576  ED79    		DB	0EDH,a*8+41H
0578  3C      		inr	a	; ++reg
0579  0C      		inr	c	;
057A          		outi
057A  EDA3    		DB	0EDH,0A3H
057C          		jrnz	nc0
057C  20F7    		DB	20H,nc0-$-1
057E  3E1F    		mvi	a,31	; R31 enables CRTC
0580  D31C    		out	crtctl
0582  C9      		ret
		
0583  6A505699	crtini:	db	6ah,50h,56h,99h,19h,0ah,19h,19h,78h,0fh,60h,0fh,00h,00h,00h,00h
      190A1919
      780F600F
      00000000
		 endif
		
		; if match, return DE after last match.
		; if no match, return original DE.
0593  D5      	strcmp:	push	d
0594  AF      		xra	a
0595  BE      	sc0:	cmp	m	; TRM?
0596          		jrz	sc9	; A = 0
0596  2808    		DB	28H,sc9-$-1
0598  1A      		ldax	d
0599  96      		sub	m
059A          		jrnz	sc8	; A is NZ
059A  2008    		DB	20H,sc8-$-1
059C  23      		inx	h
059D  13      		inx	d
059E          		jr	sc0
059E  18F5    		DB	18H,sc0-$-1
05A0  33      	sc9:	inx	sp	; non-destructive POP
05A1  33      		inx	sp
05A2  AF      		xra	a	; A=0 and ZR
05A3  C9      		ret
05A4  D1      	sc8:	pop	d	; restore orig location
05A5  B7      		ora	a
05A6  C9      		ret
		
05A7          	Tcomnd:
05A7  CD1805  		call	skb	; skip blanks
05AA  CA0301  		jz	error	; required param
			; this may need refinement
05AD  1B      		dcx	d
05AE  215B05  		lxi	h,kbd
05B1  CD9305  		call	strcmp
05B4          		jrz	tkbd
05B4  2858    		DB	28H,tkbd-$-1
FFFF          	 if not rom2k
05B6  214D05  		lxi	h,crtc
05B9  CD9305  		call	strcmp
05BC          		jrz	tcrtc
05BC  2815    		DB	28H,tcrtc-$-1
05BE  215205  		lxi	h,vrt
05C1  CD9305  		call	strcmp
05C4  CA4B06  		jz	tvrt
		 endif
05C7  215605  		lxi	h,flpy
05CA  CD9305  		call	strcmp
05CD  CA7C06  		jz	tflpy
05D0  C30301  		jmp	error
		
FFFF          	 if not rom2k
05D3  213306  	tcrtc:	lxi	h,waitm
05D6  CD2A07  		call	msgprt
05D9  0605    		mvi	b,5	; count
05DB  1E80    		mvi	e,80h	; compare
05DD  3E1F    		mvi	a,31
05DF  D31C    		out	crtctl	; select reg
05E1  DB1C    	tc0:	in	crtctl
05E3  E680    		ani	80h
05E5  BB      		cmp	e
05E6          		jrz	tc9
05E6  280F    		DB	28H,tc9-$-1
05E8  DB06    		in	conctl
05EA  E601    		ani	00000001b
05EC          		jrz	tc0
05EC  28F3    		DB	28H,tc0-$-1
05EE  DB04    		in	condat
05F0  213E06  		lxi	h,abrtm
05F3  CD2A07  		call	msgprt
05F6  C9      		ret
05F7  7B      	tc9:	mov	a,e
05F8  EE80    		xri	80h
05FA  5F      		mov	e,a
05FB          		jrnz	tc8
05FB  200B    		DB	20H,tc8-$-1
05FD  214406  		lxi	h,updtm
0600  CD2A07  		call	msgprt
0603  DB1F    		in	crtram	; clear Update
0605          		djnz	tc0
0605  10DA    		DB	10H,tc0-$-1
0607  C9      		ret
0608  CD1B07  	tc8:	call	space
060B          		djnz	tc0
060B  10D4    		DB	10H,tc0-$-1
060D  C9      		ret
		 endif
		
060E  213306  	tkbd:	lxi	h,waitm
0611  CD2A07  		call	msgprt
0614  DB07    	tk0:	in	kbdctl
0616  E601    		ani	00000001b
0618          		jrnz	tk1
0618  200F    		DB	20H,tk1-$-1
061A  DB06    		in	conctl
061C  E601    		ani	00000001b
061E          		jrz	tk0
061E  28F4    		DB	28H,tk0-$-1
0620  DB04    		in	condat
0622  213E06  		lxi	h,abrtm
0625  CD2A07  		call	msgprt
0628  C9      		ret
0629  DB05    	tk1:	in	kbddat
062B  CD0607  		call	hexout
062E  CD1B07  		call	space
0631          		jr	tk0
0631  18E1    		DB	18H,tk0-$-1
		
0633  0D0A5761	waitm:	db	CR,LF,'Wait... ',TRM
      69742E2E
      2E2000
063E  41626F72	abrtm:	db	'Abort',TRM
      7400
FFFF          	 if not rom2k
0644  55706461	updtm:	db	'Update',TRM
      746500
		
064B  3E0A    	tvrt:	mvi	a,10	; we don't need many samples
064D  3202FF  		sta	addr1
0650  CD2007  		call	crlf
0653  DB1C    		in	crtctl
0655  4F      		mov	c,a
			; TODO: reset Update bit? optionally?
0656  210000  		lxi	h,0
0659  110080  		lxi	d,8000h
065C  DB1C    	tv0:	in	crtctl	; 11
065E  B9      		cmp	c	;  4
065F          		jrnz	tv4	;  7
065F  2007    		DB	20H,tv4-$-1
0661  23      		inx	h	;  6
0662  7C      		mov	a,h	;  4
0663  B5      		ora	l	;  4
0664          		jrnz	tv0	; 12 = 48 = 12uS
0664  20F6    		DB	20H,tv0-$-1
0666          		jr	tf1	; display results
0666  185D    		DB	18H,tf1-$-1
0668  EB      	tv4:	xchg
0669  77      		mov	m,a
066A  23      		inx	h
066B  73      		mov	m,e
066C  23      		inx	h
066D  72      		mov	m,d
066E  23      		inx	h
066F  EB      		xchg
0670  4F      		mov	c,a
0671  3A02FF  		lda	addr1
0674  3D      		dcr	a
0675  3202FF  		sta	addr1
0678          		jrz	tf1
0678  284B    		DB	28H,tf1-$-1
067A          		jr	tv0
067A  18E0    		DB	18H,tv0-$-1
		 endif
		
067C          	tflpy:	; user must motor on and select drive (and side)
067C  3ED0    		mvi	a,0d0h
067E  3200FF  		sta	addr0	; default: force intr
0681  AF      		xra	a
0682  3202FF  		sta	addr1	; default: 256 samples
			; TODO: parse optional args
0685  CDA807  		call	getaddr ;get optional command
0688  DA0301  		jc	error	;error if non-hex character
068B          		bit	7,b	;test for no entry
068B  CB78    		DB	0CBH,7*8+b+40H
068D          		jrnz	tfX
068D  201B    		DB	20H,tfX-$-1
068F  7C      		mov	a,h
0690  B7      		ora	a
0691  C20301  		jnz	error
0694  2200FF  		shld	addr0	;save command
0697  CDA807  		call	getaddr ;get fill data
069A  DA0301  		jc	error	;error if non-hex character
069D          		bit	7,b	;test for no entry
069D  CB78    		DB	0CBH,7*8+b+40H
069F  C2AA06  		jnz	tfX
06A2  7C      		mov	a,h
06A3  B7      		ora	a
06A4  C20301  		jnz	error
06A7  2202FF  		shld	addr1	;save count
06AA          	tfX:
06AA  CD2007  		call	crlf
06AD  DB10    		in	fpysts
06AF  4F      		mov	c,a
06B0  3A00FF  		lda	addr0	; FDC command
06B3  D310    		out	fpycmd
06B5  210000  		lxi	h,0
06B8  110080  		lxi	d,8000h
		
06BB  DB10    	tf0:	in	fpysts	; 11
06BD  B9      		cmp	c	;  4
06BE          		jrnz	tf4	;  7
06BE  2027    		DB	20H,tf4-$-1
06C0  23      		inx	h	;  6
06C1  7C      		mov	a,h	;  4
06C2  B5      		ora	l	;  4
06C3          		jrnz	tf0	; 12 = 48 = 12uS
06C3  20F6    		DB	20H,tf0-$-1
06C5          	tf1:	; dump 8000h..DE
06C5  210080  		lxi	h,8000h
06C8          	tf2:
06C8  7C      		mov	a,h
06C9  BA      		cmp	d
06CA          		jrnz	tf3
06CA  2003    		DB	20H,tf3-$-1
06CC  7D      		mov	a,l
06CD  BB      		cmp	e
06CE  C8      		rz	; user must motor off...
06CF          	tf3:
06CF  7E      		mov	a,m
06D0  23      		inx	h
06D1  CD0607  		call	hexout
06D4  CD1B07  		call	space
06D7  46      		mov	b,m
06D8  23      		inx	h
06D9  7E      		mov	a,m
06DA  23      		inx	h
06DB  CD0607  		call	hexout
06DE  78      		mov	a,b
06DF  CD0607  		call	hexout
06E2  CD2007  		call	crlf
06E5          		jr	tf2
06E5  18E1    		DB	18H,tf2-$-1
		
		; save sample, check for done.
06E7  EB      	tf4:	xchg
06E8  77      		mov	m,a
06E9  23      		inx	h
06EA  73      		mov	m,e
06EB  23      		inx	h
06EC  72      		mov	m,d
06ED  23      		inx	h
06EE  EB      		xchg
06EF  4F      		mov	c,a
06F0  3A02FF  		lda	addr1
06F3  3D      		dcr	a
06F4  3202FF  		sta	addr1
06F7          		jrz	tf1
06F7  28CC    		DB	28H,tf1-$-1
06F9          		jr	tf0
06F9  18C0    		DB	18H,tf0-$-1
		
06FB          	Vcomnd:
06FB  21BF00  		lxi	h,signon
06FE  C32A07  		jmp	msgprt
		
		*********************************************************
		**  Utility subroutines
		*********************************************************
		
0701  7A      	taddr:	mov	a,d	;display (DE) at console in HEX
0702  CD0607  		call	hexout	;print HI byte in HEX
0705  7B      		mov	a,e	;now do LO byte
0706  F5      	hexout:	push	psw	;output (A) to console in HEX
0707  07      		rlc		;get HI digit in usable (LO) position
0708  07      		rlc
0709  07      		rlc
070A  07      		rlc
070B  CD0F07  		call	nible	;and display it
070E  F1      		pop	psw	;get LO digit back and display it
070F  E60F    	nible:	ani	00001111b	;display LO 4 bits of (A) in HEX
0711  C690    		adi	90h	;algorithm to convert 4-bits to ASCII
0713  27      		daa
0714  CE40    		aci	40h
0716  27      		daa
0717  4F      		mov	c,a	;display ASCII digit
0718  C38900  		jmp	conout
		
071B  0E20    	space:	mvi	c,' '	;send an ASCII blank to console
071D  C38900  		jmp	conout
		
0720  0E0D    	crlf:	mvi	c,CR	;send Carriage-Return/Line-Feed to console
0722  CD8900  		call	conout
0725  0E0A    		mvi	c,LF
0727  C38900  		jmp	conout
		
072A  7E      	msgprt:	mov	a,m	;send string to console, terminated by 00
072B  B7      		ora	a
072C  C8      		rz
072D  4F      		mov	c,a
072E  CD8900  		call	conout
0731  23      		inx	h
0732          		jr	msgprt
0732  18F6    		DB	18H,msgprt-$-1
		
0734  7E      	print:	mov	a,m	; BDOS func 9 style msgprt
0735  FE24    		cpi	'$'
0737  C8      		rz
0738  4F      		mov	c,a
0739  CD8900  		call	conout
073C  23      		inx	h
073D          		jr	print
073D  18F5    		DB	18H,print-$-1
		
073F  E5      	check:	push	h	;non-destuctive compare HL:DE
0740  B7      		ora	a
0741          		dsbc	d
0741  ED52    		DB	0EDH,d*8+42H
0743  E1      		pop	h
0744  C9      		ret
		
		; Convert letters to upper-case
0745          	toupper:
0745  FE61    		cpi	'a'
0747  D8      		rc
0748  FE7B    		cpi	'z'+1
074A  D0      		rnc
074B  E65F    		ani	01011111b
074D  C9      		ret
		
		; Read a line of text into 'line'
		; End with CR, honor BS
		; Reject all non-printing characters, force toupper
074E  2104FF  	linein:	lxi	h,line	;get string of characters from console, ending in CR
0751  CD9800  	li0:	call	conin	;get a character
0754  FE08    		cpi	BS	;allow BackSpacing
0756          		jrz	backup
0756  281D    		DB	28H,backup-$-1
0758  FE0D    		cpi	CR
075A          		jrz	li1
075A  282E    		DB	28H,li1-$-1
075C  FE03    		cpi	CTLC
075E          		jrz	liZ
075E  2830    		DB	28H,liZ-$-1
0760  FE20    		cpi	' '	;ignore other non-print
0762          		jrc	li0
0762  38ED    		DB	38H,li0-$-1
0764  CD4507  		call	toupper
0767  77      		mov	m,a	;put character in line nuffer
0768  23      		inx	h
0769  4F      		mov	c,a
076A  CD8900  		call	conout	; echo character
076D  7D      		mov	a,l	;else check for pending buffer overflow
076E  D604    		sui	line mod 256
0770  FE40    		cpi	64
0772  C8      		rz		;stop if buffer full
0773          		jr	li0	;if not full, keep getting characters
0773  18DC    		DB	18H,li0-$-1
		
0775  7D      	backup:	mov	a,l	;(destructive) BackSpacing
0776  FE04    		cpi	line mod 256	;test if at beginning of line
0778          		jrz	li0	;can't backspace past start of line
0778  28D7    		DB	28H,li0-$-1
077A  0E08    		mvi	c,bs	;output BS," ",BS to erase character on screen
077C  CD8900  		call	conout	;and put cursor back one position
077F  CD1B07  		call	space
0782  0E08    		mvi	c,bs
0784  CD8900  		call	conout
0787  2B      		dcx	h	;step buffer pointer back one
0788          		jr	li0	;and continue to get characters
0788  18C7    		DB	18H,li0-$-1
		
		; End line input, A=CR
078A  77      	li1:	mov	m,a	; store CR in buffer
078B  0E0D    		mvi	c,CR	;display CR so user knows we got it
078D  C38900  		jmp	conout	;then return to calling routine
		
		; Abort input
0790  0E5E    	liZ:	mvi	c,'^'
0792  CD8900  		call	conout
0795  0E43    		mvi	c,'C'
0797  CD8900  		call	conout
079A  E1      		pop	h	; always OK?
079B  C9      		ret		; return to caller's caller (main debug loop)
		
		; Get next character from line buffer.
		; DE=current pointer within 'line'
		; Returns: ZR=EOL else A=char
079C  7B      	char:	mov	a,e	;remove a character from line buffer,
079D  D604    		sui	line mod 256	;testing for no more characters
079F  D640    		sui	64
07A1  C8      		rz		;return [ZR] condition if at end of buffer
07A2  1A      		ldax	d
07A3  FE0D    		cpi	CR
07A5  C8      		rz		;also return [ZR] if at end of line
07A6  13      		inx	d	;else step to next character
07A7  C9      		ret		;and return [NZ]
		
		; Get HEX value from line buffer
		; Return: CY=error, HL=value, bit7(B)=1 if no input
07A8          	getaddr:		;extract address from line buffer (delimitted by " ")
07A8          		setb	7,b	;flag to detect no address entered
07A8  CBF8    		DB	0CBH,7*8+b+0C0H
07AA  210000  		lxi	h,0
07AD  CD1805  		call	skb
07B0  C8      		rz		;end of buffer/line before a character was found
07B1          		jr	ga1	;if not space, then start getting HEX digits
07B1  1804    		DB	18H,ga1-$-1
		
07B3  CD9C07  	ga0:	call	char
07B6  C8      		rz
07B7  CDCF07  	ga1:	call	hexcon	;start assembling digits into 16 bit accumilator
07BA          		jrc	chkdlm	;check if valid delimiter before returning error.
07BA  380E    		DB	38H,chkdlm-$-1
07BC          		res	7,b	;reset flag
07BC  CBB8    		DB	0CBH,7*8+b+80H
07BE  D5      		push	d	;save buffer pointer
07BF  5F      		mov	e,a
07C0  1600    		mvi	d,0
07C2  29      		dad	h	;shift "accumulator" left 1 digit
07C3  29      		dad	h
07C4  29      		dad	h
07C5  29      		dad	h
07C6  19      		dad	d	;add in new digit
07C7  D1      		pop	d	;restore buffer pointer
07C8          		jr	ga0	;loop for next digit
07C8  18E9    		DB	18H,ga0-$-1
		
07CA  FE20    	chkdlm: cpi	' '	;blank is currently the only valid delimiter
07CC  C8      		rz
07CD  37      		stc
07CE  C9      		ret
		
07CF          	hexcon: 		;convert ASCII character to HEX digit
07CF  FE30    		cpi	'0'	;must be .GE. "0"
07D1  D8      		rc
07D2  FE3A    		cpi	'9'+1	;and be .LE. "9"
07D4          		jrc	ok0	;valid numeral.
07D4  3809    		DB	38H,ok0-$-1
07D6  FE41    		cpi	'A'	;or .GE. "A"
07D8  D8      		rc
07D9  FE47    		cpi	'F'+1	;and .LE. "F"
07DB  3F      		cmc
07DC  D8      		rc		;return [CY] if not valid HEX digit
07DD  D607    		sui	'A'-'9'-1	;convert letter
07DF  D630    	ok0:	sui	'0'	;convert (numeral) to 0-15 in (A)
07E1  C9      		ret
		
		; These only work on */84 (and 10) models.
		; Have no effect (and does nothing) on */83 models.
07E2          	proginit:
07E2  AF      		xra	a
07E3          		stai
07E3  ED47    		DB	0EDH,47H
FFFF          	 if not rom2k
07E5  DB14    		in	sysp84
07E7  E6FC    		ani	not DSNONE
07E9  E6EF    		ani	not K84MTR
07EB  F602    		ori	DS0
07ED  D314    		out	sysp84
		 endif
07EF  3E41    		mvi	a,'A'
07F1  320030  		sta	3000h
07F4  C9      		ret
		
07F5          	progoff:
07F5          		ldai
07F5  ED57    		DB	0EDH,57H
07F7  C0      		rnz
07F8  2F      		cma
07F9          		stai
07F9  ED47    		DB	0EDH,47H
FFFF          	 if not rom2k
07FB  DB14    		in	sysp84
07FD  F603    		ori	DSNONE
07FF  D314    		out	sysp84
		 endif
0801  AF      		xra	a
0802  320030  		sta	3000h
0805  C9      		ret
		
0806          	progress:
0806          		ldai
0806  ED57    		DB	0EDH,57H
0808  C0      		rnz
FFFF          	 if not rom2k
0809  DB14    		in	sysp84
080B  EE03    		xri	DSNONE
080D  D314    		out	sysp84
		 endif
080F  3A0030  		lda	3000h
0812  EE03    		xri	00000011b
0814  320030  		sta	3000h
0817  C9      		ret
		
			rept	romsiz-$
0818  FF      		db	0ffh
0819  FF      		db	0ffh
081A  FF      		db	0ffh
081B  FF      		db	0ffh
081C  FF      		db	0ffh
081D  FF      		db	0ffh
081E  FF      		db	0ffh
081F  FF      		db	0ffh
0820  FF      		db	0ffh
0821  FF      		db	0ffh
0822  FF      		db	0ffh
0823  FF      		db	0ffh
0824  FF      		db	0ffh
0825  FF      		db	0ffh
0826  FF      		db	0ffh
0827  FF      		db	0ffh
0828  FF      		db	0ffh
0829  FF      		db	0ffh
082A  FF      		db	0ffh
082B  FF      		db	0ffh
082C  FF      		db	0ffh
082D  FF      		db	0ffh
082E  FF      		db	0ffh
082F  FF      		db	0ffh
0830  FF      		db	0ffh
0831  FF      		db	0ffh
0832  FF      		db	0ffh
0833  FF      		db	0ffh
0834  FF      		db	0ffh
0835  FF      		db	0ffh
0836  FF      		db	0ffh
0837  FF      		db	0ffh
0838  FF      		db	0ffh
0839  FF      		db	0ffh
083A  FF      		db	0ffh
083B  FF      		db	0ffh
083C  FF      		db	0ffh
083D  FF      		db	0ffh
083E  FF      		db	0ffh
083F  FF      		db	0ffh
0840  FF      		db	0ffh
0841  FF      		db	0ffh
0842  FF      		db	0ffh
0843  FF      		db	0ffh
0844  FF      		db	0ffh
0845  FF      		db	0ffh
0846  FF      		db	0ffh
0847  FF      		db	0ffh
0848  FF      		db	0ffh
0849  FF      		db	0ffh
084A  FF      		db	0ffh
084B  FF      		db	0ffh
084C  FF      		db	0ffh
084D  FF      		db	0ffh
084E  FF      		db	0ffh
084F  FF      		db	0ffh
0850  FF      		db	0ffh
0851  FF      		db	0ffh
0852  FF      		db	0ffh
0853  FF      		db	0ffh
0854  FF      		db	0ffh
0855  FF      		db	0ffh
0856  FF      		db	0ffh
0857  FF      		db	0ffh
0858  FF      		db	0ffh
0859  FF      		db	0ffh
085A  FF      		db	0ffh
085B  FF      		db	0ffh
085C  FF      		db	0ffh
085D  FF      		db	0ffh
085E  FF      		db	0ffh
085F  FF      		db	0ffh
0860  FF      		db	0ffh
0861  FF      		db	0ffh
0862  FF      		db	0ffh
0863  FF      		db	0ffh
0864  FF      		db	0ffh
0865  FF      		db	0ffh
0866  FF      		db	0ffh
0867  FF      		db	0ffh
0868  FF      		db	0ffh
0869  FF      		db	0ffh
086A  FF      		db	0ffh
086B  FF      		db	0ffh
086C  FF      		db	0ffh
086D  FF      		db	0ffh
086E  FF      		db	0ffh
086F  FF      		db	0ffh
0870  FF      		db	0ffh
0871  FF      		db	0ffh
0872  FF      		db	0ffh
0873  FF      		db	0ffh
0874  FF      		db	0ffh
0875  FF      		db	0ffh
0876  FF      		db	0ffh
0877  FF      		db	0ffh
0878  FF      		db	0ffh
0879  FF      		db	0ffh
087A  FF      		db	0ffh
087B  FF      		db	0ffh
087C  FF      		db	0ffh
087D  FF      		db	0ffh
087E  FF      		db	0ffh
087F  FF      		db	0ffh
0880  FF      		db	0ffh
0881  FF      		db	0ffh
0882  FF      		db	0ffh
0883  FF      		db	0ffh
0884  FF      		db	0ffh
0885  FF      		db	0ffh
0886  FF      		db	0ffh
0887  FF      		db	0ffh
0888  FF      		db	0ffh
0889  FF      		db	0ffh
088A  FF      		db	0ffh
088B  FF      		db	0ffh
088C  FF      		db	0ffh
088D  FF      		db	0ffh
088E  FF      		db	0ffh
088F  FF      		db	0ffh
0890  FF      		db	0ffh
0891  FF      		db	0ffh
0892  FF      		db	0ffh
0893  FF      		db	0ffh
0894  FF      		db	0ffh
0895  FF      		db	0ffh
0896  FF      		db	0ffh
0897  FF      		db	0ffh
0898  FF      		db	0ffh
0899  FF      		db	0ffh
089A  FF      		db	0ffh
089B  FF      		db	0ffh
089C  FF      		db	0ffh
089D  FF      		db	0ffh
089E  FF      		db	0ffh
089F  FF      		db	0ffh
08A0  FF      		db	0ffh
08A1  FF      		db	0ffh
08A2  FF      		db	0ffh
08A3  FF      		db	0ffh
08A4  FF      		db	0ffh
08A5  FF      		db	0ffh
08A6  FF      		db	0ffh
08A7  FF      		db	0ffh
08A8  FF      		db	0ffh
08A9  FF      		db	0ffh
08AA  FF      		db	0ffh
08AB  FF      		db	0ffh
08AC  FF      		db	0ffh
08AD  FF      		db	0ffh
08AE  FF      		db	0ffh
08AF  FF      		db	0ffh
08B0  FF      		db	0ffh
08B1  FF      		db	0ffh
08B2  FF      		db	0ffh
08B3  FF      		db	0ffh
08B4  FF      		db	0ffh
08B5  FF      		db	0ffh
08B6  FF      		db	0ffh
08B7  FF      		db	0ffh
08B8  FF      		db	0ffh
08B9  FF      		db	0ffh
08BA  FF      		db	0ffh
08BB  FF      		db	0ffh
08BC  FF      		db	0ffh
08BD  FF      		db	0ffh
08BE  FF      		db	0ffh
08BF  FF      		db	0ffh
08C0  FF      		db	0ffh
08C1  FF      		db	0ffh
08C2  FF      		db	0ffh
08C3  FF      		db	0ffh
08C4  FF      		db	0ffh
08C5  FF      		db	0ffh
08C6  FF      		db	0ffh
08C7  FF      		db	0ffh
08C8  FF      		db	0ffh
08C9  FF      		db	0ffh
08CA  FF      		db	0ffh
08CB  FF      		db	0ffh
08CC  FF      		db	0ffh
08CD  FF      		db	0ffh
08CE  FF      		db	0ffh
08CF  FF      		db	0ffh
08D0  FF      		db	0ffh
08D1  FF      		db	0ffh
08D2  FF      		db	0ffh
08D3  FF      		db	0ffh
08D4  FF      		db	0ffh
08D5  FF      		db	0ffh
08D6  FF      		db	0ffh
08D7  FF      		db	0ffh
08D8  FF      		db	0ffh
08D9  FF      		db	0ffh
08DA  FF      		db	0ffh
08DB  FF      		db	0ffh
08DC  FF      		db	0ffh
08DD  FF      		db	0ffh
08DE  FF      		db	0ffh
08DF  FF      		db	0ffh
08E0  FF      		db	0ffh
08E1  FF      		db	0ffh
08E2  FF      		db	0ffh
08E3  FF      		db	0ffh
08E4  FF      		db	0ffh
08E5  FF      		db	0ffh
08E6  FF      		db	0ffh
08E7  FF      		db	0ffh
08E8  FF      		db	0ffh
08E9  FF      		db	0ffh
08EA  FF      		db	0ffh
08EB  FF      		db	0ffh
08EC  FF      		db	0ffh
08ED  FF      		db	0ffh
08EE  FF      		db	0ffh
08EF  FF      		db	0ffh
08F0  FF      		db	0ffh
08F1  FF      		db	0ffh
08F2  FF      		db	0ffh
08F3  FF      		db	0ffh
08F4  FF      		db	0ffh
08F5  FF      		db	0ffh
08F6  FF      		db	0ffh
08F7  FF      		db	0ffh
08F8  FF      		db	0ffh
08F9  FF      		db	0ffh
08FA  FF      		db	0ffh
08FB  FF      		db	0ffh
08FC  FF      		db	0ffh
08FD  FF      		db	0ffh
08FE  FF      		db	0ffh
08FF  FF      		db	0ffh
0900  FF      		db	0ffh
0901  FF      		db	0ffh
0902  FF      		db	0ffh
0903  FF      		db	0ffh
0904  FF      		db	0ffh
0905  FF      		db	0ffh
0906  FF      		db	0ffh
0907  FF      		db	0ffh
0908  FF      		db	0ffh
0909  FF      		db	0ffh
090A  FF      		db	0ffh
090B  FF      		db	0ffh
090C  FF      		db	0ffh
090D  FF      		db	0ffh
090E  FF      		db	0ffh
090F  FF      		db	0ffh
0910  FF      		db	0ffh
0911  FF      		db	0ffh
0912  FF      		db	0ffh
0913  FF      		db	0ffh
0914  FF      		db	0ffh
0915  FF      		db	0ffh
0916  FF      		db	0ffh
0917  FF      		db	0ffh
0918  FF      		db	0ffh
0919  FF      		db	0ffh
091A  FF      		db	0ffh
091B  FF      		db	0ffh
091C  FF      		db	0ffh
091D  FF      		db	0ffh
091E  FF      		db	0ffh
091F  FF      		db	0ffh
0920  FF      		db	0ffh
0921  FF      		db	0ffh
0922  FF      		db	0ffh
0923  FF      		db	0ffh
0924  FF      		db	0ffh
0925  FF      		db	0ffh
0926  FF      		db	0ffh
0927  FF      		db	0ffh
0928  FF      		db	0ffh
0929  FF      		db	0ffh
092A  FF      		db	0ffh
092B  FF      		db	0ffh
092C  FF      		db	0ffh
092D  FF      		db	0ffh
092E  FF      		db	0ffh
092F  FF      		db	0ffh
0930  FF      		db	0ffh
0931  FF      		db	0ffh
0932  FF      		db	0ffh
0933  FF      		db	0ffh
0934  FF      		db	0ffh
0935  FF      		db	0ffh
0936  FF      		db	0ffh
0937  FF      		db	0ffh
0938  FF      		db	0ffh
0939  FF      		db	0ffh
093A  FF      		db	0ffh
093B  FF      		db	0ffh
093C  FF      		db	0ffh
093D  FF      		db	0ffh
093E  FF      		db	0ffh
093F  FF      		db	0ffh
0940  FF      		db	0ffh
0941  FF      		db	0ffh
0942  FF      		db	0ffh
0943  FF      		db	0ffh
0944  FF      		db	0ffh
0945  FF      		db	0ffh
0946  FF      		db	0ffh
0947  FF      		db	0ffh
0948  FF      		db	0ffh
0949  FF      		db	0ffh
094A  FF      		db	0ffh
094B  FF      		db	0ffh
094C  FF      		db	0ffh
094D  FF      		db	0ffh
094E  FF      		db	0ffh
094F  FF      		db	0ffh
0950  FF      		db	0ffh
0951  FF      		db	0ffh
0952  FF      		db	0ffh
0953  FF      		db	0ffh
0954  FF      		db	0ffh
0955  FF      		db	0ffh
0956  FF      		db	0ffh
0957  FF      		db	0ffh
0958  FF      		db	0ffh
0959  FF      		db	0ffh
095A  FF      		db	0ffh
095B  FF      		db	0ffh
095C  FF      		db	0ffh
095D  FF      		db	0ffh
095E  FF      		db	0ffh
095F  FF      		db	0ffh
0960  FF      		db	0ffh
0961  FF      		db	0ffh
0962  FF      		db	0ffh
0963  FF      		db	0ffh
0964  FF      		db	0ffh
0965  FF      		db	0ffh
0966  FF      		db	0ffh
0967  FF      		db	0ffh
0968  FF      		db	0ffh
0969  FF      		db	0ffh
096A  FF      		db	0ffh
096B  FF      		db	0ffh
096C  FF      		db	0ffh
096D  FF      		db	0ffh
096E  FF      		db	0ffh
096F  FF      		db	0ffh
0970  FF      		db	0ffh
0971  FF      		db	0ffh
0972  FF      		db	0ffh
0973  FF      		db	0ffh
0974  FF      		db	0ffh
0975  FF      		db	0ffh
0976  FF      		db	0ffh
0977  FF      		db	0ffh
0978  FF      		db	0ffh
0979  FF      		db	0ffh
097A  FF      		db	0ffh
097B  FF      		db	0ffh
097C  FF      		db	0ffh
097D  FF      		db	0ffh
097E  FF      		db	0ffh
097F  FF      		db	0ffh
0980  FF      		db	0ffh
0981  FF      		db	0ffh
0982  FF      		db	0ffh
0983  FF      		db	0ffh
0984  FF      		db	0ffh
0985  FF      		db	0ffh
0986  FF      		db	0ffh
0987  FF      		db	0ffh
0988  FF      		db	0ffh
0989  FF      		db	0ffh
098A  FF      		db	0ffh
098B  FF      		db	0ffh
098C  FF      		db	0ffh
098D  FF      		db	0ffh
098E  FF      		db	0ffh
098F  FF      		db	0ffh
0990  FF      		db	0ffh
0991  FF      		db	0ffh
0992  FF      		db	0ffh
0993  FF      		db	0ffh
0994  FF      		db	0ffh
0995  FF      		db	0ffh
0996  FF      		db	0ffh
0997  FF      		db	0ffh
0998  FF      		db	0ffh
0999  FF      		db	0ffh
099A  FF      		db	0ffh
099B  FF      		db	0ffh
099C  FF      		db	0ffh
099D  FF      		db	0ffh
099E  FF      		db	0ffh
099F  FF      		db	0ffh
09A0  FF      		db	0ffh
09A1  FF      		db	0ffh
09A2  FF      		db	0ffh
09A3  FF      		db	0ffh
09A4  FF      		db	0ffh
09A5  FF      		db	0ffh
09A6  FF      		db	0ffh
09A7  FF      		db	0ffh
09A8  FF      		db	0ffh
09A9  FF      		db	0ffh
09AA  FF      		db	0ffh
09AB  FF      		db	0ffh
09AC  FF      		db	0ffh
09AD  FF      		db	0ffh
09AE  FF      		db	0ffh
09AF  FF      		db	0ffh
09B0  FF      		db	0ffh
09B1  FF      		db	0ffh
09B2  FF      		db	0ffh
09B3  FF      		db	0ffh
09B4  FF      		db	0ffh
09B5  FF      		db	0ffh
09B6  FF      		db	0ffh
09B7  FF      		db	0ffh
09B8  FF      		db	0ffh
09B9  FF      		db	0ffh
09BA  FF      		db	0ffh
09BB  FF      		db	0ffh
09BC  FF      		db	0ffh
09BD  FF      		db	0ffh
09BE  FF      		db	0ffh
09BF  FF      		db	0ffh
09C0  FF      		db	0ffh
09C1  FF      		db	0ffh
09C2  FF      		db	0ffh
09C3  FF      		db	0ffh
09C4  FF      		db	0ffh
09C5  FF      		db	0ffh
09C6  FF      		db	0ffh
09C7  FF      		db	0ffh
09C8  FF      		db	0ffh
09C9  FF      		db	0ffh
09CA  FF      		db	0ffh
09CB  FF      		db	0ffh
09CC  FF      		db	0ffh
09CD  FF      		db	0ffh
09CE  FF      		db	0ffh
09CF  FF      		db	0ffh
09D0  FF      		db	0ffh
09D1  FF      		db	0ffh
09D2  FF      		db	0ffh
09D3  FF      		db	0ffh
09D4  FF      		db	0ffh
09D5  FF      		db	0ffh
09D6  FF      		db	0ffh
09D7  FF      		db	0ffh
09D8  FF      		db	0ffh
09D9  FF      		db	0ffh
09DA  FF      		db	0ffh
09DB  FF      		db	0ffh
09DC  FF      		db	0ffh
09DD  FF      		db	0ffh
09DE  FF      		db	0ffh
09DF  FF      		db	0ffh
09E0  FF      		db	0ffh
09E1  FF      		db	0ffh
09E2  FF      		db	0ffh
09E3  FF      		db	0ffh
09E4  FF      		db	0ffh
09E5  FF      		db	0ffh
09E6  FF      		db	0ffh
09E7  FF      		db	0ffh
09E8  FF      		db	0ffh
09E9  FF      		db	0ffh
09EA  FF      		db	0ffh
09EB  FF      		db	0ffh
09EC  FF      		db	0ffh
09ED  FF      		db	0ffh
09EE  FF      		db	0ffh
09EF  FF      		db	0ffh
09F0  FF      		db	0ffh
09F1  FF      		db	0ffh
09F2  FF      		db	0ffh
09F3  FF      		db	0ffh
09F4  FF      		db	0ffh
09F5  FF      		db	0ffh
09F6  FF      		db	0ffh
09F7  FF      		db	0ffh
09F8  FF      		db	0ffh
09F9  FF      		db	0ffh
09FA  FF      		db	0ffh
09FB  FF      		db	0ffh
09FC  FF      		db	0ffh
09FD  FF      		db	0ffh
09FE  FF      		db	0ffh
09FF  FF      		db	0ffh
0A00  FF      		db	0ffh
0A01  FF      		db	0ffh
0A02  FF      		db	0ffh
0A03  FF      		db	0ffh
0A04  FF      		db	0ffh
0A05  FF      		db	0ffh
0A06  FF      		db	0ffh
0A07  FF      		db	0ffh
0A08  FF      		db	0ffh
0A09  FF      		db	0ffh
0A0A  FF      		db	0ffh
0A0B  FF      		db	0ffh
0A0C  FF      		db	0ffh
0A0D  FF      		db	0ffh
0A0E  FF      		db	0ffh
0A0F  FF      		db	0ffh
0A10  FF      		db	0ffh
0A11  FF      		db	0ffh
0A12  FF      		db	0ffh
0A13  FF      		db	0ffh
0A14  FF      		db	0ffh
0A15  FF      		db	0ffh
0A16  FF      		db	0ffh
0A17  FF      		db	0ffh
0A18  FF      		db	0ffh
0A19  FF      		db	0ffh
0A1A  FF      		db	0ffh
0A1B  FF      		db	0ffh
0A1C  FF      		db	0ffh
0A1D  FF      		db	0ffh
0A1E  FF      		db	0ffh
0A1F  FF      		db	0ffh
0A20  FF      		db	0ffh
0A21  FF      		db	0ffh
0A22  FF      		db	0ffh
0A23  FF      		db	0ffh
0A24  FF      		db	0ffh
0A25  FF      		db	0ffh
0A26  FF      		db	0ffh
0A27  FF      		db	0ffh
0A28  FF      		db	0ffh
0A29  FF      		db	0ffh
0A2A  FF      		db	0ffh
0A2B  FF      		db	0ffh
0A2C  FF      		db	0ffh
0A2D  FF      		db	0ffh
0A2E  FF      		db	0ffh
0A2F  FF      		db	0ffh
0A30  FF      		db	0ffh
0A31  FF      		db	0ffh
0A32  FF      		db	0ffh
0A33  FF      		db	0ffh
0A34  FF      		db	0ffh
0A35  FF      		db	0ffh
0A36  FF      		db	0ffh
0A37  FF      		db	0ffh
0A38  FF      		db	0ffh
0A39  FF      		db	0ffh
0A3A  FF      		db	0ffh
0A3B  FF      		db	0ffh
0A3C  FF      		db	0ffh
0A3D  FF      		db	0ffh
0A3E  FF      		db	0ffh
0A3F  FF      		db	0ffh
0A40  FF      		db	0ffh
0A41  FF      		db	0ffh
0A42  FF      		db	0ffh
0A43  FF      		db	0ffh
0A44  FF      		db	0ffh
0A45  FF      		db	0ffh
0A46  FF      		db	0ffh
0A47  FF      		db	0ffh
0A48  FF      		db	0ffh
0A49  FF      		db	0ffh
0A4A  FF      		db	0ffh
0A4B  FF      		db	0ffh
0A4C  FF      		db	0ffh
0A4D  FF      		db	0ffh
0A4E  FF      		db	0ffh
0A4F  FF      		db	0ffh
0A50  FF      		db	0ffh
0A51  FF      		db	0ffh
0A52  FF      		db	0ffh
0A53  FF      		db	0ffh
0A54  FF      		db	0ffh
0A55  FF      		db	0ffh
0A56  FF      		db	0ffh
0A57  FF      		db	0ffh
0A58  FF      		db	0ffh
0A59  FF      		db	0ffh
0A5A  FF      		db	0ffh
0A5B  FF      		db	0ffh
0A5C  FF      		db	0ffh
0A5D  FF      		db	0ffh
0A5E  FF      		db	0ffh
0A5F  FF      		db	0ffh
0A60  FF      		db	0ffh
0A61  FF      		db	0ffh
0A62  FF      		db	0ffh
0A63  FF      		db	0ffh
0A64  FF      		db	0ffh
0A65  FF      		db	0ffh
0A66  FF      		db	0ffh
0A67  FF      		db	0ffh
0A68  FF      		db	0ffh
0A69  FF      		db	0ffh
0A6A  FF      		db	0ffh
0A6B  FF      		db	0ffh
0A6C  FF      		db	0ffh
0A6D  FF      		db	0ffh
0A6E  FF      		db	0ffh
0A6F  FF      		db	0ffh
0A70  FF      		db	0ffh
0A71  FF      		db	0ffh
0A72  FF      		db	0ffh
0A73  FF      		db	0ffh
0A74  FF      		db	0ffh
0A75  FF      		db	0ffh
0A76  FF      		db	0ffh
0A77  FF      		db	0ffh
0A78  FF      		db	0ffh
0A79  FF      		db	0ffh
0A7A  FF      		db	0ffh
0A7B  FF      		db	0ffh
0A7C  FF      		db	0ffh
0A7D  FF      		db	0ffh
0A7E  FF      		db	0ffh
0A7F  FF      		db	0ffh
0A80  FF      		db	0ffh
0A81  FF      		db	0ffh
0A82  FF      		db	0ffh
0A83  FF      		db	0ffh
0A84  FF      		db	0ffh
0A85  FF      		db	0ffh
0A86  FF      		db	0ffh
0A87  FF      		db	0ffh
0A88  FF      		db	0ffh
0A89  FF      		db	0ffh
0A8A  FF      		db	0ffh
0A8B  FF      		db	0ffh
0A8C  FF      		db	0ffh
0A8D  FF      		db	0ffh
0A8E  FF      		db	0ffh
0A8F  FF      		db	0ffh
0A90  FF      		db	0ffh
0A91  FF      		db	0ffh
0A92  FF      		db	0ffh
0A93  FF      		db	0ffh
0A94  FF      		db	0ffh
0A95  FF      		db	0ffh
0A96  FF      		db	0ffh
0A97  FF      		db	0ffh
0A98  FF      		db	0ffh
0A99  FF      		db	0ffh
0A9A  FF      		db	0ffh
0A9B  FF      		db	0ffh
0A9C  FF      		db	0ffh
0A9D  FF      		db	0ffh
0A9E  FF      		db	0ffh
0A9F  FF      		db	0ffh
0AA0  FF      		db	0ffh
0AA1  FF      		db	0ffh
0AA2  FF      		db	0ffh
0AA3  FF      		db	0ffh
0AA4  FF      		db	0ffh
0AA5  FF      		db	0ffh
0AA6  FF      		db	0ffh
0AA7  FF      		db	0ffh
0AA8  FF      		db	0ffh
0AA9  FF      		db	0ffh
0AAA  FF      		db	0ffh
0AAB  FF      		db	0ffh
0AAC  FF      		db	0ffh
0AAD  FF      		db	0ffh
0AAE  FF      		db	0ffh
0AAF  FF      		db	0ffh
0AB0  FF      		db	0ffh
0AB1  FF      		db	0ffh
0AB2  FF      		db	0ffh
0AB3  FF      		db	0ffh
0AB4  FF      		db	0ffh
0AB5  FF      		db	0ffh
0AB6  FF      		db	0ffh
0AB7  FF      		db	0ffh
0AB8  FF      		db	0ffh
0AB9  FF      		db	0ffh
0ABA  FF      		db	0ffh
0ABB  FF      		db	0ffh
0ABC  FF      		db	0ffh
0ABD  FF      		db	0ffh
0ABE  FF      		db	0ffh
0ABF  FF      		db	0ffh
0AC0  FF      		db	0ffh
0AC1  FF      		db	0ffh
0AC2  FF      		db	0ffh
0AC3  FF      		db	0ffh
0AC4  FF      		db	0ffh
0AC5  FF      		db	0ffh
0AC6  FF      		db	0ffh
0AC7  FF      		db	0ffh
0AC8  FF      		db	0ffh
0AC9  FF      		db	0ffh
0ACA  FF      		db	0ffh
0ACB  FF      		db	0ffh
0ACC  FF      		db	0ffh
0ACD  FF      		db	0ffh
0ACE  FF      		db	0ffh
0ACF  FF      		db	0ffh
0AD0  FF      		db	0ffh
0AD1  FF      		db	0ffh
0AD2  FF      		db	0ffh
0AD3  FF      		db	0ffh
0AD4  FF      		db	0ffh
0AD5  FF      		db	0ffh
0AD6  FF      		db	0ffh
0AD7  FF      		db	0ffh
0AD8  FF      		db	0ffh
0AD9  FF      		db	0ffh
0ADA  FF      		db	0ffh
0ADB  FF      		db	0ffh
0ADC  FF      		db	0ffh
0ADD  FF      		db	0ffh
0ADE  FF      		db	0ffh
0ADF  FF      		db	0ffh
0AE0  FF      		db	0ffh
0AE1  FF      		db	0ffh
0AE2  FF      		db	0ffh
0AE3  FF      		db	0ffh
0AE4  FF      		db	0ffh
0AE5  FF      		db	0ffh
0AE6  FF      		db	0ffh
0AE7  FF      		db	0ffh
0AE8  FF      		db	0ffh
0AE9  FF      		db	0ffh
0AEA  FF      		db	0ffh
0AEB  FF      		db	0ffh
0AEC  FF      		db	0ffh
0AED  FF      		db	0ffh
0AEE  FF      		db	0ffh
0AEF  FF      		db	0ffh
0AF0  FF      		db	0ffh
0AF1  FF      		db	0ffh
0AF2  FF      		db	0ffh
0AF3  FF      		db	0ffh
0AF4  FF      		db	0ffh
0AF5  FF      		db	0ffh
0AF6  FF      		db	0ffh
0AF7  FF      		db	0ffh
0AF8  FF      		db	0ffh
0AF9  FF      		db	0ffh
0AFA  FF      		db	0ffh
0AFB  FF      		db	0ffh
0AFC  FF      		db	0ffh
0AFD  FF      		db	0ffh
0AFE  FF      		db	0ffh
0AFF  FF      		db	0ffh
0B00  FF      		db	0ffh
0B01  FF      		db	0ffh
0B02  FF      		db	0ffh
0B03  FF      		db	0ffh
0B04  FF      		db	0ffh
0B05  FF      		db	0ffh
0B06  FF      		db	0ffh
0B07  FF      		db	0ffh
0B08  FF      		db	0ffh
0B09  FF      		db	0ffh
0B0A  FF      		db	0ffh
0B0B  FF      		db	0ffh
0B0C  FF      		db	0ffh
0B0D  FF      		db	0ffh
0B0E  FF      		db	0ffh
0B0F  FF      		db	0ffh
0B10  FF      		db	0ffh
0B11  FF      		db	0ffh
0B12  FF      		db	0ffh
0B13  FF      		db	0ffh
0B14  FF      		db	0ffh
0B15  FF      		db	0ffh
0B16  FF      		db	0ffh
0B17  FF      		db	0ffh
0B18  FF      		db	0ffh
0B19  FF      		db	0ffh
0B1A  FF      		db	0ffh
0B1B  FF      		db	0ffh
0B1C  FF      		db	0ffh
0B1D  FF      		db	0ffh
0B1E  FF      		db	0ffh
0B1F  FF      		db	0ffh
0B20  FF      		db	0ffh
0B21  FF      		db	0ffh
0B22  FF      		db	0ffh
0B23  FF      		db	0ffh
0B24  FF      		db	0ffh
0B25  FF      		db	0ffh
0B26  FF      		db	0ffh
0B27  FF      		db	0ffh
0B28  FF      		db	0ffh
0B29  FF      		db	0ffh
0B2A  FF      		db	0ffh
0B2B  FF      		db	0ffh
0B2C  FF      		db	0ffh
0B2D  FF      		db	0ffh
0B2E  FF      		db	0ffh
0B2F  FF      		db	0ffh
0B30  FF      		db	0ffh
0B31  FF      		db	0ffh
0B32  FF      		db	0ffh
0B33  FF      		db	0ffh
0B34  FF      		db	0ffh
0B35  FF      		db	0ffh
0B36  FF      		db	0ffh
0B37  FF      		db	0ffh
0B38  FF      		db	0ffh
0B39  FF      		db	0ffh
0B3A  FF      		db	0ffh
0B3B  FF      		db	0ffh
0B3C  FF      		db	0ffh
0B3D  FF      		db	0ffh
0B3E  FF      		db	0ffh
0B3F  FF      		db	0ffh
0B40  FF      		db	0ffh
0B41  FF      		db	0ffh
0B42  FF      		db	0ffh
0B43  FF      		db	0ffh
0B44  FF      		db	0ffh
0B45  FF      		db	0ffh
0B46  FF      		db	0ffh
0B47  FF      		db	0ffh
0B48  FF      		db	0ffh
0B49  FF      		db	0ffh
0B4A  FF      		db	0ffh
0B4B  FF      		db	0ffh
0B4C  FF      		db	0ffh
0B4D  FF      		db	0ffh
0B4E  FF      		db	0ffh
0B4F  FF      		db	0ffh
0B50  FF      		db	0ffh
0B51  FF      		db	0ffh
0B52  FF      		db	0ffh
0B53  FF      		db	0ffh
0B54  FF      		db	0ffh
0B55  FF      		db	0ffh
0B56  FF      		db	0ffh
0B57  FF      		db	0ffh
0B58  FF      		db	0ffh
0B59  FF      		db	0ffh
0B5A  FF      		db	0ffh
0B5B  FF      		db	0ffh
0B5C  FF      		db	0ffh
0B5D  FF      		db	0ffh
0B5E  FF      		db	0ffh
0B5F  FF      		db	0ffh
0B60  FF      		db	0ffh
0B61  FF      		db	0ffh
0B62  FF      		db	0ffh
0B63  FF      		db	0ffh
0B64  FF      		db	0ffh
0B65  FF      		db	0ffh
0B66  FF      		db	0ffh
0B67  FF      		db	0ffh
0B68  FF      		db	0ffh
0B69  FF      		db	0ffh
0B6A  FF      		db	0ffh
0B6B  FF      		db	0ffh
0B6C  FF      		db	0ffh
0B6D  FF      		db	0ffh
0B6E  FF      		db	0ffh
0B6F  FF      		db	0ffh
0B70  FF      		db	0ffh
0B71  FF      		db	0ffh
0B72  FF      		db	0ffh
0B73  FF      		db	0ffh
0B74  FF      		db	0ffh
0B75  FF      		db	0ffh
0B76  FF      		db	0ffh
0B77  FF      		db	0ffh
0B78  FF      		db	0ffh
0B79  FF      		db	0ffh
0B7A  FF      		db	0ffh
0B7B  FF      		db	0ffh
0B7C  FF      		db	0ffh
0B7D  FF      		db	0ffh
0B7E  FF      		db	0ffh
0B7F  FF      		db	0ffh
0B80  FF      		db	0ffh
0B81  FF      		db	0ffh
0B82  FF      		db	0ffh
0B83  FF      		db	0ffh
0B84  FF      		db	0ffh
0B85  FF      		db	0ffh
0B86  FF      		db	0ffh
0B87  FF      		db	0ffh
0B88  FF      		db	0ffh
0B89  FF      		db	0ffh
0B8A  FF      		db	0ffh
0B8B  FF      		db	0ffh
0B8C  FF      		db	0ffh
0B8D  FF      		db	0ffh
0B8E  FF      		db	0ffh
0B8F  FF      		db	0ffh
0B90  FF      		db	0ffh
0B91  FF      		db	0ffh
0B92  FF      		db	0ffh
0B93  FF      		db	0ffh
0B94  FF      		db	0ffh
0B95  FF      		db	0ffh
0B96  FF      		db	0ffh
0B97  FF      		db	0ffh
0B98  FF      		db	0ffh
0B99  FF      		db	0ffh
0B9A  FF      		db	0ffh
0B9B  FF      		db	0ffh
0B9C  FF      		db	0ffh
0B9D  FF      		db	0ffh
0B9E  FF      		db	0ffh
0B9F  FF      		db	0ffh
0BA0  FF      		db	0ffh
0BA1  FF      		db	0ffh
0BA2  FF      		db	0ffh
0BA3  FF      		db	0ffh
0BA4  FF      		db	0ffh
0BA5  FF      		db	0ffh
0BA6  FF      		db	0ffh
0BA7  FF      		db	0ffh
0BA8  FF      		db	0ffh
0BA9  FF      		db	0ffh
0BAA  FF      		db	0ffh
0BAB  FF      		db	0ffh
0BAC  FF      		db	0ffh
0BAD  FF      		db	0ffh
0BAE  FF      		db	0ffh
0BAF  FF      		db	0ffh
0BB0  FF      		db	0ffh
0BB1  FF      		db	0ffh
0BB2  FF      		db	0ffh
0BB3  FF      		db	0ffh
0BB4  FF      		db	0ffh
0BB5  FF      		db	0ffh
0BB6  FF      		db	0ffh
0BB7  FF      		db	0ffh
0BB8  FF      		db	0ffh
0BB9  FF      		db	0ffh
0BBA  FF      		db	0ffh
0BBB  FF      		db	0ffh
0BBC  FF      		db	0ffh
0BBD  FF      		db	0ffh
0BBE  FF      		db	0ffh
0BBF  FF      		db	0ffh
0BC0  FF      		db	0ffh
0BC1  FF      		db	0ffh
0BC2  FF      		db	0ffh
0BC3  FF      		db	0ffh
0BC4  FF      		db	0ffh
0BC5  FF      		db	0ffh
0BC6  FF      		db	0ffh
0BC7  FF      		db	0ffh
0BC8  FF      		db	0ffh
0BC9  FF      		db	0ffh
0BCA  FF      		db	0ffh
0BCB  FF      		db	0ffh
0BCC  FF      		db	0ffh
0BCD  FF      		db	0ffh
0BCE  FF      		db	0ffh
0BCF  FF      		db	0ffh
0BD0  FF      		db	0ffh
0BD1  FF      		db	0ffh
0BD2  FF      		db	0ffh
0BD3  FF      		db	0ffh
0BD4  FF      		db	0ffh
0BD5  FF      		db	0ffh
0BD6  FF      		db	0ffh
0BD7  FF      		db	0ffh
0BD8  FF      		db	0ffh
0BD9  FF      		db	0ffh
0BDA  FF      		db	0ffh
0BDB  FF      		db	0ffh
0BDC  FF      		db	0ffh
0BDD  FF      		db	0ffh
0BDE  FF      		db	0ffh
0BDF  FF      		db	0ffh
0BE0  FF      		db	0ffh
0BE1  FF      		db	0ffh
0BE2  FF      		db	0ffh
0BE3  FF      		db	0ffh
0BE4  FF      		db	0ffh
0BE5  FF      		db	0ffh
0BE6  FF      		db	0ffh
0BE7  FF      		db	0ffh
0BE8  FF      		db	0ffh
0BE9  FF      		db	0ffh
0BEA  FF      		db	0ffh
0BEB  FF      		db	0ffh
0BEC  FF      		db	0ffh
0BED  FF      		db	0ffh
0BEE  FF      		db	0ffh
0BEF  FF      		db	0ffh
0BF0  FF      		db	0ffh
0BF1  FF      		db	0ffh
0BF2  FF      		db	0ffh
0BF3  FF      		db	0ffh
0BF4  FF      		db	0ffh
0BF5  FF      		db	0ffh
0BF6  FF      		db	0ffh
0BF7  FF      		db	0ffh
0BF8  FF      		db	0ffh
0BF9  FF      		db	0ffh
0BFA  FF      		db	0ffh
0BFB  FF      		db	0ffh
0BFC  FF      		db	0ffh
0BFD  FF      		db	0ffh
0BFE  FF      		db	0ffh
0BFF  FF      		db	0ffh
0C00  FF      		db	0ffh
0C01  FF      		db	0ffh
0C02  FF      		db	0ffh
0C03  FF      		db	0ffh
0C04  FF      		db	0ffh
0C05  FF      		db	0ffh
0C06  FF      		db	0ffh
0C07  FF      		db	0ffh
0C08  FF      		db	0ffh
0C09  FF      		db	0ffh
0C0A  FF      		db	0ffh
0C0B  FF      		db	0ffh
0C0C  FF      		db	0ffh
0C0D  FF      		db	0ffh
0C0E  FF      		db	0ffh
0C0F  FF      		db	0ffh
0C10  FF      		db	0ffh
0C11  FF      		db	0ffh
0C12  FF      		db	0ffh
0C13  FF      		db	0ffh
0C14  FF      		db	0ffh
0C15  FF      		db	0ffh
0C16  FF      		db	0ffh
0C17  FF      		db	0ffh
0C18  FF      		db	0ffh
0C19  FF      		db	0ffh
0C1A  FF      		db	0ffh
0C1B  FF      		db	0ffh
0C1C  FF      		db	0ffh
0C1D  FF      		db	0ffh
0C1E  FF      		db	0ffh
0C1F  FF      		db	0ffh
0C20  FF      		db	0ffh
0C21  FF      		db	0ffh
0C22  FF      		db	0ffh
0C23  FF      		db	0ffh
0C24  FF      		db	0ffh
0C25  FF      		db	0ffh
0C26  FF      		db	0ffh
0C27  FF      		db	0ffh
0C28  FF      		db	0ffh
0C29  FF      		db	0ffh
0C2A  FF      		db	0ffh
0C2B  FF      		db	0ffh
0C2C  FF      		db	0ffh
0C2D  FF      		db	0ffh
0C2E  FF      		db	0ffh
0C2F  FF      		db	0ffh
0C30  FF      		db	0ffh
0C31  FF      		db	0ffh
0C32  FF      		db	0ffh
0C33  FF      		db	0ffh
0C34  FF      		db	0ffh
0C35  FF      		db	0ffh
0C36  FF      		db	0ffh
0C37  FF      		db	0ffh
0C38  FF      		db	0ffh
0C39  FF      		db	0ffh
0C3A  FF      		db	0ffh
0C3B  FF      		db	0ffh
0C3C  FF      		db	0ffh
0C3D  FF      		db	0ffh
0C3E  FF      		db	0ffh
0C3F  FF      		db	0ffh
0C40  FF      		db	0ffh
0C41  FF      		db	0ffh
0C42  FF      		db	0ffh
0C43  FF      		db	0ffh
0C44  FF      		db	0ffh
0C45  FF      		db	0ffh
0C46  FF      		db	0ffh
0C47  FF      		db	0ffh
0C48  FF      		db	0ffh
0C49  FF      		db	0ffh
0C4A  FF      		db	0ffh
0C4B  FF      		db	0ffh
0C4C  FF      		db	0ffh
0C4D  FF      		db	0ffh
0C4E  FF      		db	0ffh
0C4F  FF      		db	0ffh
0C50  FF      		db	0ffh
0C51  FF      		db	0ffh
0C52  FF      		db	0ffh
0C53  FF      		db	0ffh
0C54  FF      		db	0ffh
0C55  FF      		db	0ffh
0C56  FF      		db	0ffh
0C57  FF      		db	0ffh
0C58  FF      		db	0ffh
0C59  FF      		db	0ffh
0C5A  FF      		db	0ffh
0C5B  FF      		db	0ffh
0C5C  FF      		db	0ffh
0C5D  FF      		db	0ffh
0C5E  FF      		db	0ffh
0C5F  FF      		db	0ffh
0C60  FF      		db	0ffh
0C61  FF      		db	0ffh
0C62  FF      		db	0ffh
0C63  FF      		db	0ffh
0C64  FF      		db	0ffh
0C65  FF      		db	0ffh
0C66  FF      		db	0ffh
0C67  FF      		db	0ffh
0C68  FF      		db	0ffh
0C69  FF      		db	0ffh
0C6A  FF      		db	0ffh
0C6B  FF      		db	0ffh
0C6C  FF      		db	0ffh
0C6D  FF      		db	0ffh
0C6E  FF      		db	0ffh
0C6F  FF      		db	0ffh
0C70  FF      		db	0ffh
0C71  FF      		db	0ffh
0C72  FF      		db	0ffh
0C73  FF      		db	0ffh
0C74  FF      		db	0ffh
0C75  FF      		db	0ffh
0C76  FF      		db	0ffh
0C77  FF      		db	0ffh
0C78  FF      		db	0ffh
0C79  FF      		db	0ffh
0C7A  FF      		db	0ffh
0C7B  FF      		db	0ffh
0C7C  FF      		db	0ffh
0C7D  FF      		db	0ffh
0C7E  FF      		db	0ffh
0C7F  FF      		db	0ffh
0C80  FF      		db	0ffh
0C81  FF      		db	0ffh
0C82  FF      		db	0ffh
0C83  FF      		db	0ffh
0C84  FF      		db	0ffh
0C85  FF      		db	0ffh
0C86  FF      		db	0ffh
0C87  FF      		db	0ffh
0C88  FF      		db	0ffh
0C89  FF      		db	0ffh
0C8A  FF      		db	0ffh
0C8B  FF      		db	0ffh
0C8C  FF      		db	0ffh
0C8D  FF      		db	0ffh
0C8E  FF      		db	0ffh
0C8F  FF      		db	0ffh
0C90  FF      		db	0ffh
0C91  FF      		db	0ffh
0C92  FF      		db	0ffh
0C93  FF      		db	0ffh
0C94  FF      		db	0ffh
0C95  FF      		db	0ffh
0C96  FF      		db	0ffh
0C97  FF      		db	0ffh
0C98  FF      		db	0ffh
0C99  FF      		db	0ffh
0C9A  FF      		db	0ffh
0C9B  FF      		db	0ffh
0C9C  FF      		db	0ffh
0C9D  FF      		db	0ffh
0C9E  FF      		db	0ffh
0C9F  FF      		db	0ffh
0CA0  FF      		db	0ffh
0CA1  FF      		db	0ffh
0CA2  FF      		db	0ffh
0CA3  FF      		db	0ffh
0CA4  FF      		db	0ffh
0CA5  FF      		db	0ffh
0CA6  FF      		db	0ffh
0CA7  FF      		db	0ffh
0CA8  FF      		db	0ffh
0CA9  FF      		db	0ffh
0CAA  FF      		db	0ffh
0CAB  FF      		db	0ffh
0CAC  FF      		db	0ffh
0CAD  FF      		db	0ffh
0CAE  FF      		db	0ffh
0CAF  FF      		db	0ffh
0CB0  FF      		db	0ffh
0CB1  FF      		db	0ffh
0CB2  FF      		db	0ffh
0CB3  FF      		db	0ffh
0CB4  FF      		db	0ffh
0CB5  FF      		db	0ffh
0CB6  FF      		db	0ffh
0CB7  FF      		db	0ffh
0CB8  FF      		db	0ffh
0CB9  FF      		db	0ffh
0CBA  FF      		db	0ffh
0CBB  FF      		db	0ffh
0CBC  FF      		db	0ffh
0CBD  FF      		db	0ffh
0CBE  FF      		db	0ffh
0CBF  FF      		db	0ffh
0CC0  FF      		db	0ffh
0CC1  FF      		db	0ffh
0CC2  FF      		db	0ffh
0CC3  FF      		db	0ffh
0CC4  FF      		db	0ffh
0CC5  FF      		db	0ffh
0CC6  FF      		db	0ffh
0CC7  FF      		db	0ffh
0CC8  FF      		db	0ffh
0CC9  FF      		db	0ffh
0CCA  FF      		db	0ffh
0CCB  FF      		db	0ffh
0CCC  FF      		db	0ffh
0CCD  FF      		db	0ffh
0CCE  FF      		db	0ffh
0CCF  FF      		db	0ffh
0CD0  FF      		db	0ffh
0CD1  FF      		db	0ffh
0CD2  FF      		db	0ffh
0CD3  FF      		db	0ffh
0CD4  FF      		db	0ffh
0CD5  FF      		db	0ffh
0CD6  FF      		db	0ffh
0CD7  FF      		db	0ffh
0CD8  FF      		db	0ffh
0CD9  FF      		db	0ffh
0CDA  FF      		db	0ffh
0CDB  FF      		db	0ffh
0CDC  FF      		db	0ffh
0CDD  FF      		db	0ffh
0CDE  FF      		db	0ffh
0CDF  FF      		db	0ffh
0CE0  FF      		db	0ffh
0CE1  FF      		db	0ffh
0CE2  FF      		db	0ffh
0CE3  FF      		db	0ffh
0CE4  FF      		db	0ffh
0CE5  FF      		db	0ffh
0CE6  FF      		db	0ffh
0CE7  FF      		db	0ffh
0CE8  FF      		db	0ffh
0CE9  FF      		db	0ffh
0CEA  FF      		db	0ffh
0CEB  FF      		db	0ffh
0CEC  FF      		db	0ffh
0CED  FF      		db	0ffh
0CEE  FF      		db	0ffh
0CEF  FF      		db	0ffh
0CF0  FF      		db	0ffh
0CF1  FF      		db	0ffh
0CF2  FF      		db	0ffh
0CF3  FF      		db	0ffh
0CF4  FF      		db	0ffh
0CF5  FF      		db	0ffh
0CF6  FF      		db	0ffh
0CF7  FF      		db	0ffh
0CF8  FF      		db	0ffh
0CF9  FF      		db	0ffh
0CFA  FF      		db	0ffh
0CFB  FF      		db	0ffh
0CFC  FF      		db	0ffh
0CFD  FF      		db	0ffh
0CFE  FF      		db	0ffh
0CFF  FF      		db	0ffh
0D00  FF      		db	0ffh
0D01  FF      		db	0ffh
0D02  FF      		db	0ffh
0D03  FF      		db	0ffh
0D04  FF      		db	0ffh
0D05  FF      		db	0ffh
0D06  FF      		db	0ffh
0D07  FF      		db	0ffh
0D08  FF      		db	0ffh
0D09  FF      		db	0ffh
0D0A  FF      		db	0ffh
0D0B  FF      		db	0ffh
0D0C  FF      		db	0ffh
0D0D  FF      		db	0ffh
0D0E  FF      		db	0ffh
0D0F  FF      		db	0ffh
0D10  FF      		db	0ffh
0D11  FF      		db	0ffh
0D12  FF      		db	0ffh
0D13  FF      		db	0ffh
0D14  FF      		db	0ffh
0D15  FF      		db	0ffh
0D16  FF      		db	0ffh
0D17  FF      		db	0ffh
0D18  FF      		db	0ffh
0D19  FF      		db	0ffh
0D1A  FF      		db	0ffh
0D1B  FF      		db	0ffh
0D1C  FF      		db	0ffh
0D1D  FF      		db	0ffh
0D1E  FF      		db	0ffh
0D1F  FF      		db	0ffh
0D20  FF      		db	0ffh
0D21  FF      		db	0ffh
0D22  FF      		db	0ffh
0D23  FF      		db	0ffh
0D24  FF      		db	0ffh
0D25  FF      		db	0ffh
0D26  FF      		db	0ffh
0D27  FF      		db	0ffh
0D28  FF      		db	0ffh
0D29  FF      		db	0ffh
0D2A  FF      		db	0ffh
0D2B  FF      		db	0ffh
0D2C  FF      		db	0ffh
0D2D  FF      		db	0ffh
0D2E  FF      		db	0ffh
0D2F  FF      		db	0ffh
0D30  FF      		db	0ffh
0D31  FF      		db	0ffh
0D32  FF      		db	0ffh
0D33  FF      		db	0ffh
0D34  FF      		db	0ffh
0D35  FF      		db	0ffh
0D36  FF      		db	0ffh
0D37  FF      		db	0ffh
0D38  FF      		db	0ffh
0D39  FF      		db	0ffh
0D3A  FF      		db	0ffh
0D3B  FF      		db	0ffh
0D3C  FF      		db	0ffh
0D3D  FF      		db	0ffh
0D3E  FF      		db	0ffh
0D3F  FF      		db	0ffh
0D40  FF      		db	0ffh
0D41  FF      		db	0ffh
0D42  FF      		db	0ffh
0D43  FF      		db	0ffh
0D44  FF      		db	0ffh
0D45  FF      		db	0ffh
0D46  FF      		db	0ffh
0D47  FF      		db	0ffh
0D48  FF      		db	0ffh
0D49  FF      		db	0ffh
0D4A  FF      		db	0ffh
0D4B  FF      		db	0ffh
0D4C  FF      		db	0ffh
0D4D  FF      		db	0ffh
0D4E  FF      		db	0ffh
0D4F  FF      		db	0ffh
0D50  FF      		db	0ffh
0D51  FF      		db	0ffh
0D52  FF      		db	0ffh
0D53  FF      		db	0ffh
0D54  FF      		db	0ffh
0D55  FF      		db	0ffh
0D56  FF      		db	0ffh
0D57  FF      		db	0ffh
0D58  FF      		db	0ffh
0D59  FF      		db	0ffh
0D5A  FF      		db	0ffh
0D5B  FF      		db	0ffh
0D5C  FF      		db	0ffh
0D5D  FF      		db	0ffh
0D5E  FF      		db	0ffh
0D5F  FF      		db	0ffh
0D60  FF      		db	0ffh
0D61  FF      		db	0ffh
0D62  FF      		db	0ffh
0D63  FF      		db	0ffh
0D64  FF      		db	0ffh
0D65  FF      		db	0ffh
0D66  FF      		db	0ffh
0D67  FF      		db	0ffh
0D68  FF      		db	0ffh
0D69  FF      		db	0ffh
0D6A  FF      		db	0ffh
0D6B  FF      		db	0ffh
0D6C  FF      		db	0ffh
0D6D  FF      		db	0ffh
0D6E  FF      		db	0ffh
0D6F  FF      		db	0ffh
0D70  FF      		db	0ffh
0D71  FF      		db	0ffh
0D72  FF      		db	0ffh
0D73  FF      		db	0ffh
0D74  FF      		db	0ffh
0D75  FF      		db	0ffh
0D76  FF      		db	0ffh
0D77  FF      		db	0ffh
0D78  FF      		db	0ffh
0D79  FF      		db	0ffh
0D7A  FF      		db	0ffh
0D7B  FF      		db	0ffh
0D7C  FF      		db	0ffh
0D7D  FF      		db	0ffh
0D7E  FF      		db	0ffh
0D7F  FF      		db	0ffh
0D80  FF      		db	0ffh
0D81  FF      		db	0ffh
0D82  FF      		db	0ffh
0D83  FF      		db	0ffh
0D84  FF      		db	0ffh
0D85  FF      		db	0ffh
0D86  FF      		db	0ffh
0D87  FF      		db	0ffh
0D88  FF      		db	0ffh
0D89  FF      		db	0ffh
0D8A  FF      		db	0ffh
0D8B  FF      		db	0ffh
0D8C  FF      		db	0ffh
0D8D  FF      		db	0ffh
0D8E  FF      		db	0ffh
0D8F  FF      		db	0ffh
0D90  FF      		db	0ffh
0D91  FF      		db	0ffh
0D92  FF      		db	0ffh
0D93  FF      		db	0ffh
0D94  FF      		db	0ffh
0D95  FF      		db	0ffh
0D96  FF      		db	0ffh
0D97  FF      		db	0ffh
0D98  FF      		db	0ffh
0D99  FF      		db	0ffh
0D9A  FF      		db	0ffh
0D9B  FF      		db	0ffh
0D9C  FF      		db	0ffh
0D9D  FF      		db	0ffh
0D9E  FF      		db	0ffh
0D9F  FF      		db	0ffh
0DA0  FF      		db	0ffh
0DA1  FF      		db	0ffh
0DA2  FF      		db	0ffh
0DA3  FF      		db	0ffh
0DA4  FF      		db	0ffh
0DA5  FF      		db	0ffh
0DA6  FF      		db	0ffh
0DA7  FF      		db	0ffh
0DA8  FF      		db	0ffh
0DA9  FF      		db	0ffh
0DAA  FF      		db	0ffh
0DAB  FF      		db	0ffh
0DAC  FF      		db	0ffh
0DAD  FF      		db	0ffh
0DAE  FF      		db	0ffh
0DAF  FF      		db	0ffh
0DB0  FF      		db	0ffh
0DB1  FF      		db	0ffh
0DB2  FF      		db	0ffh
0DB3  FF      		db	0ffh
0DB4  FF      		db	0ffh
0DB5  FF      		db	0ffh
0DB6  FF      		db	0ffh
0DB7  FF      		db	0ffh
0DB8  FF      		db	0ffh
0DB9  FF      		db	0ffh
0DBA  FF      		db	0ffh
0DBB  FF      		db	0ffh
0DBC  FF      		db	0ffh
0DBD  FF      		db	0ffh
0DBE  FF      		db	0ffh
0DBF  FF      		db	0ffh
0DC0  FF      		db	0ffh
0DC1  FF      		db	0ffh
0DC2  FF      		db	0ffh
0DC3  FF      		db	0ffh
0DC4  FF      		db	0ffh
0DC5  FF      		db	0ffh
0DC6  FF      		db	0ffh
0DC7  FF      		db	0ffh
0DC8  FF      		db	0ffh
0DC9  FF      		db	0ffh
0DCA  FF      		db	0ffh
0DCB  FF      		db	0ffh
0DCC  FF      		db	0ffh
0DCD  FF      		db	0ffh
0DCE  FF      		db	0ffh
0DCF  FF      		db	0ffh
0DD0  FF      		db	0ffh
0DD1  FF      		db	0ffh
0DD2  FF      		db	0ffh
0DD3  FF      		db	0ffh
0DD4  FF      		db	0ffh
0DD5  FF      		db	0ffh
0DD6  FF      		db	0ffh
0DD7  FF      		db	0ffh
0DD8  FF      		db	0ffh
0DD9  FF      		db	0ffh
0DDA  FF      		db	0ffh
0DDB  FF      		db	0ffh
0DDC  FF      		db	0ffh
0DDD  FF      		db	0ffh
0DDE  FF      		db	0ffh
0DDF  FF      		db	0ffh
0DE0  FF      		db	0ffh
0DE1  FF      		db	0ffh
0DE2  FF      		db	0ffh
0DE3  FF      		db	0ffh
0DE4  FF      		db	0ffh
0DE5  FF      		db	0ffh
0DE6  FF      		db	0ffh
0DE7  FF      		db	0ffh
0DE8  FF      		db	0ffh
0DE9  FF      		db	0ffh
0DEA  FF      		db	0ffh
0DEB  FF      		db	0ffh
0DEC  FF      		db	0ffh
0DED  FF      		db	0ffh
0DEE  FF      		db	0ffh
0DEF  FF      		db	0ffh
0DF0  FF      		db	0ffh
0DF1  FF      		db	0ffh
0DF2  FF      		db	0ffh
0DF3  FF      		db	0ffh
0DF4  FF      		db	0ffh
0DF5  FF      		db	0ffh
0DF6  FF      		db	0ffh
0DF7  FF      		db	0ffh
0DF8  FF      		db	0ffh
0DF9  FF      		db	0ffh
0DFA  FF      		db	0ffh
0DFB  FF      		db	0ffh
0DFC  FF      		db	0ffh
0DFD  FF      		db	0ffh
0DFE  FF      		db	0ffh
0DFF  FF      		db	0ffh
0E00  FF      		db	0ffh
0E01  FF      		db	0ffh
0E02  FF      		db	0ffh
0E03  FF      		db	0ffh
0E04  FF      		db	0ffh
0E05  FF      		db	0ffh
0E06  FF      		db	0ffh
0E07  FF      		db	0ffh
0E08  FF      		db	0ffh
0E09  FF      		db	0ffh
0E0A  FF      		db	0ffh
0E0B  FF      		db	0ffh
0E0C  FF      		db	0ffh
0E0D  FF      		db	0ffh
0E0E  FF      		db	0ffh
0E0F  FF      		db	0ffh
0E10  FF      		db	0ffh
0E11  FF      		db	0ffh
0E12  FF      		db	0ffh
0E13  FF      		db	0ffh
0E14  FF      		db	0ffh
0E15  FF      		db	0ffh
0E16  FF      		db	0ffh
0E17  FF      		db	0ffh
0E18  FF      		db	0ffh
0E19  FF      		db	0ffh
0E1A  FF      		db	0ffh
0E1B  FF      		db	0ffh
0E1C  FF      		db	0ffh
0E1D  FF      		db	0ffh
0E1E  FF      		db	0ffh
0E1F  FF      		db	0ffh
0E20  FF      		db	0ffh
0E21  FF      		db	0ffh
0E22  FF      		db	0ffh
0E23  FF      		db	0ffh
0E24  FF      		db	0ffh
0E25  FF      		db	0ffh
0E26  FF      		db	0ffh
0E27  FF      		db	0ffh
0E28  FF      		db	0ffh
0E29  FF      		db	0ffh
0E2A  FF      		db	0ffh
0E2B  FF      		db	0ffh
0E2C  FF      		db	0ffh
0E2D  FF      		db	0ffh
0E2E  FF      		db	0ffh
0E2F  FF      		db	0ffh
0E30  FF      		db	0ffh
0E31  FF      		db	0ffh
0E32  FF      		db	0ffh
0E33  FF      		db	0ffh
0E34  FF      		db	0ffh
0E35  FF      		db	0ffh
0E36  FF      		db	0ffh
0E37  FF      		db	0ffh
0E38  FF      		db	0ffh
0E39  FF      		db	0ffh
0E3A  FF      		db	0ffh
0E3B  FF      		db	0ffh
0E3C  FF      		db	0ffh
0E3D  FF      		db	0ffh
0E3E  FF      		db	0ffh
0E3F  FF      		db	0ffh
0E40  FF      		db	0ffh
0E41  FF      		db	0ffh
0E42  FF      		db	0ffh
0E43  FF      		db	0ffh
0E44  FF      		db	0ffh
0E45  FF      		db	0ffh
0E46  FF      		db	0ffh
0E47  FF      		db	0ffh
0E48  FF      		db	0ffh
0E49  FF      		db	0ffh
0E4A  FF      		db	0ffh
0E4B  FF      		db	0ffh
0E4C  FF      		db	0ffh
0E4D  FF      		db	0ffh
0E4E  FF      		db	0ffh
0E4F  FF      		db	0ffh
0E50  FF      		db	0ffh
0E51  FF      		db	0ffh
0E52  FF      		db	0ffh
0E53  FF      		db	0ffh
0E54  FF      		db	0ffh
0E55  FF      		db	0ffh
0E56  FF      		db	0ffh
0E57  FF      		db	0ffh
0E58  FF      		db	0ffh
0E59  FF      		db	0ffh
0E5A  FF      		db	0ffh
0E5B  FF      		db	0ffh
0E5C  FF      		db	0ffh
0E5D  FF      		db	0ffh
0E5E  FF      		db	0ffh
0E5F  FF      		db	0ffh
0E60  FF      		db	0ffh
0E61  FF      		db	0ffh
0E62  FF      		db	0ffh
0E63  FF      		db	0ffh
0E64  FF      		db	0ffh
0E65  FF      		db	0ffh
0E66  FF      		db	0ffh
0E67  FF      		db	0ffh
0E68  FF      		db	0ffh
0E69  FF      		db	0ffh
0E6A  FF      		db	0ffh
0E6B  FF      		db	0ffh
0E6C  FF      		db	0ffh
0E6D  FF      		db	0ffh
0E6E  FF      		db	0ffh
0E6F  FF      		db	0ffh
0E70  FF      		db	0ffh
0E71  FF      		db	0ffh
0E72  FF      		db	0ffh
0E73  FF      		db	0ffh
0E74  FF      		db	0ffh
0E75  FF      		db	0ffh
0E76  FF      		db	0ffh
0E77  FF      		db	0ffh
0E78  FF      		db	0ffh
0E79  FF      		db	0ffh
0E7A  FF      		db	0ffh
0E7B  FF      		db	0ffh
0E7C  FF      		db	0ffh
0E7D  FF      		db	0ffh
0E7E  FF      		db	0ffh
0E7F  FF      		db	0ffh
0E80  FF      		db	0ffh
0E81  FF      		db	0ffh
0E82  FF      		db	0ffh
0E83  FF      		db	0ffh
0E84  FF      		db	0ffh
0E85  FF      		db	0ffh
0E86  FF      		db	0ffh
0E87  FF      		db	0ffh
0E88  FF      		db	0ffh
0E89  FF      		db	0ffh
0E8A  FF      		db	0ffh
0E8B  FF      		db	0ffh
0E8C  FF      		db	0ffh
0E8D  FF      		db	0ffh
0E8E  FF      		db	0ffh
0E8F  FF      		db	0ffh
0E90  FF      		db	0ffh
0E91  FF      		db	0ffh
0E92  FF      		db	0ffh
0E93  FF      		db	0ffh
0E94  FF      		db	0ffh
0E95  FF      		db	0ffh
0E96  FF      		db	0ffh
0E97  FF      		db	0ffh
0E98  FF      		db	0ffh
0E99  FF      		db	0ffh
0E9A  FF      		db	0ffh
0E9B  FF      		db	0ffh
0E9C  FF      		db	0ffh
0E9D  FF      		db	0ffh
0E9E  FF      		db	0ffh
0E9F  FF      		db	0ffh
0EA0  FF      		db	0ffh
0EA1  FF      		db	0ffh
0EA2  FF      		db	0ffh
0EA3  FF      		db	0ffh
0EA4  FF      		db	0ffh
0EA5  FF      		db	0ffh
0EA6  FF      		db	0ffh
0EA7  FF      		db	0ffh
0EA8  FF      		db	0ffh
0EA9  FF      		db	0ffh
0EAA  FF      		db	0ffh
0EAB  FF      		db	0ffh
0EAC  FF      		db	0ffh
0EAD  FF      		db	0ffh
0EAE  FF      		db	0ffh
0EAF  FF      		db	0ffh
0EB0  FF      		db	0ffh
0EB1  FF      		db	0ffh
0EB2  FF      		db	0ffh
0EB3  FF      		db	0ffh
0EB4  FF      		db	0ffh
0EB5  FF      		db	0ffh
0EB6  FF      		db	0ffh
0EB7  FF      		db	0ffh
0EB8  FF      		db	0ffh
0EB9  FF      		db	0ffh
0EBA  FF      		db	0ffh
0EBB  FF      		db	0ffh
0EBC  FF      		db	0ffh
0EBD  FF      		db	0ffh
0EBE  FF      		db	0ffh
0EBF  FF      		db	0ffh
0EC0  FF      		db	0ffh
0EC1  FF      		db	0ffh
0EC2  FF      		db	0ffh
0EC3  FF      		db	0ffh
0EC4  FF      		db	0ffh
0EC5  FF      		db	0ffh
0EC6  FF      		db	0ffh
0EC7  FF      		db	0ffh
0EC8  FF      		db	0ffh
0EC9  FF      		db	0ffh
0ECA  FF      		db	0ffh
0ECB  FF      		db	0ffh
0ECC  FF      		db	0ffh
0ECD  FF      		db	0ffh
0ECE  FF      		db	0ffh
0ECF  FF      		db	0ffh
0ED0  FF      		db	0ffh
0ED1  FF      		db	0ffh
0ED2  FF      		db	0ffh
0ED3  FF      		db	0ffh
0ED4  FF      		db	0ffh
0ED5  FF      		db	0ffh
0ED6  FF      		db	0ffh
0ED7  FF      		db	0ffh
0ED8  FF      		db	0ffh
0ED9  FF      		db	0ffh
0EDA  FF      		db	0ffh
0EDB  FF      		db	0ffh
0EDC  FF      		db	0ffh
0EDD  FF      		db	0ffh
0EDE  FF      		db	0ffh
0EDF  FF      		db	0ffh
0EE0  FF      		db	0ffh
0EE1  FF      		db	0ffh
0EE2  FF      		db	0ffh
0EE3  FF      		db	0ffh
0EE4  FF      		db	0ffh
0EE5  FF      		db	0ffh
0EE6  FF      		db	0ffh
0EE7  FF      		db	0ffh
0EE8  FF      		db	0ffh
0EE9  FF      		db	0ffh
0EEA  FF      		db	0ffh
0EEB  FF      		db	0ffh
0EEC  FF      		db	0ffh
0EED  FF      		db	0ffh
0EEE  FF      		db	0ffh
0EEF  FF      		db	0ffh
0EF0  FF      		db	0ffh
0EF1  FF      		db	0ffh
0EF2  FF      		db	0ffh
0EF3  FF      		db	0ffh
0EF4  FF      		db	0ffh
0EF5  FF      		db	0ffh
0EF6  FF      		db	0ffh
0EF7  FF      		db	0ffh
0EF8  FF      		db	0ffh
0EF9  FF      		db	0ffh
0EFA  FF      		db	0ffh
0EFB  FF      		db	0ffh
0EFC  FF      		db	0ffh
0EFD  FF      		db	0ffh
0EFE  FF      		db	0ffh
0EFF  FF      		db	0ffh
0F00  FF      		db	0ffh
0F01  FF      		db	0ffh
0F02  FF      		db	0ffh
0F03  FF      		db	0ffh
0F04  FF      		db	0ffh
0F05  FF      		db	0ffh
0F06  FF      		db	0ffh
0F07  FF      		db	0ffh
0F08  FF      		db	0ffh
0F09  FF      		db	0ffh
0F0A  FF      		db	0ffh
0F0B  FF      		db	0ffh
0F0C  FF      		db	0ffh
0F0D  FF      		db	0ffh
0F0E  FF      		db	0ffh
0F0F  FF      		db	0ffh
0F10  FF      		db	0ffh
0F11  FF      		db	0ffh
0F12  FF      		db	0ffh
0F13  FF      		db	0ffh
0F14  FF      		db	0ffh
0F15  FF      		db	0ffh
0F16  FF      		db	0ffh
0F17  FF      		db	0ffh
0F18  FF      		db	0ffh
0F19  FF      		db	0ffh
0F1A  FF      		db	0ffh
0F1B  FF      		db	0ffh
0F1C  FF      		db	0ffh
0F1D  FF      		db	0ffh
0F1E  FF      		db	0ffh
0F1F  FF      		db	0ffh
0F20  FF      		db	0ffh
0F21  FF      		db	0ffh
0F22  FF      		db	0ffh
0F23  FF      		db	0ffh
0F24  FF      		db	0ffh
0F25  FF      		db	0ffh
0F26  FF      		db	0ffh
0F27  FF      		db	0ffh
0F28  FF      		db	0ffh
0F29  FF      		db	0ffh
0F2A  FF      		db	0ffh
0F2B  FF      		db	0ffh
0F2C  FF      		db	0ffh
0F2D  FF      		db	0ffh
0F2E  FF      		db	0ffh
0F2F  FF      		db	0ffh
0F30  FF      		db	0ffh
0F31  FF      		db	0ffh
0F32  FF      		db	0ffh
0F33  FF      		db	0ffh
0F34  FF      		db	0ffh
0F35  FF      		db	0ffh
0F36  FF      		db	0ffh
0F37  FF      		db	0ffh
0F38  FF      		db	0ffh
0F39  FF      		db	0ffh
0F3A  FF      		db	0ffh
0F3B  FF      		db	0ffh
0F3C  FF      		db	0ffh
0F3D  FF      		db	0ffh
0F3E  FF      		db	0ffh
0F3F  FF      		db	0ffh
0F40  FF      		db	0ffh
0F41  FF      		db	0ffh
0F42  FF      		db	0ffh
0F43  FF      		db	0ffh
0F44  FF      		db	0ffh
0F45  FF      		db	0ffh
0F46  FF      		db	0ffh
0F47  FF      		db	0ffh
0F48  FF      		db	0ffh
0F49  FF      		db	0ffh
0F4A  FF      		db	0ffh
0F4B  FF      		db	0ffh
0F4C  FF      		db	0ffh
0F4D  FF      		db	0ffh
0F4E  FF      		db	0ffh
0F4F  FF      		db	0ffh
0F50  FF      		db	0ffh
0F51  FF      		db	0ffh
0F52  FF      		db	0ffh
0F53  FF      		db	0ffh
0F54  FF      		db	0ffh
0F55  FF      		db	0ffh
0F56  FF      		db	0ffh
0F57  FF      		db	0ffh
0F58  FF      		db	0ffh
0F59  FF      		db	0ffh
0F5A  FF      		db	0ffh
0F5B  FF      		db	0ffh
0F5C  FF      		db	0ffh
0F5D  FF      		db	0ffh
0F5E  FF      		db	0ffh
0F5F  FF      		db	0ffh
0F60  FF      		db	0ffh
0F61  FF      		db	0ffh
0F62  FF      		db	0ffh
0F63  FF      		db	0ffh
0F64  FF      		db	0ffh
0F65  FF      		db	0ffh
0F66  FF      		db	0ffh
0F67  FF      		db	0ffh
0F68  FF      		db	0ffh
0F69  FF      		db	0ffh
0F6A  FF      		db	0ffh
0F6B  FF      		db	0ffh
0F6C  FF      		db	0ffh
0F6D  FF      		db	0ffh
0F6E  FF      		db	0ffh
0F6F  FF      		db	0ffh
0F70  FF      		db	0ffh
0F71  FF      		db	0ffh
0F72  FF      		db	0ffh
0F73  FF      		db	0ffh
0F74  FF      		db	0ffh
0F75  FF      		db	0ffh
0F76  FF      		db	0ffh
0F77  FF      		db	0ffh
0F78  FF      		db	0ffh
0F79  FF      		db	0ffh
0F7A  FF      		db	0ffh
0F7B  FF      		db	0ffh
0F7C  FF      		db	0ffh
0F7D  FF      		db	0ffh
0F7E  FF      		db	0ffh
0F7F  FF      		db	0ffh
0F80  FF      		db	0ffh
0F81  FF      		db	0ffh
0F82  FF      		db	0ffh
0F83  FF      		db	0ffh
0F84  FF      		db	0ffh
0F85  FF      		db	0ffh
0F86  FF      		db	0ffh
0F87  FF      		db	0ffh
0F88  FF      		db	0ffh
0F89  FF      		db	0ffh
0F8A  FF      		db	0ffh
0F8B  FF      		db	0ffh
0F8C  FF      		db	0ffh
0F8D  FF      		db	0ffh
0F8E  FF      		db	0ffh
0F8F  FF      		db	0ffh
0F90  FF      		db	0ffh
0F91  FF      		db	0ffh
0F92  FF      		db	0ffh
0F93  FF      		db	0ffh
0F94  FF      		db	0ffh
0F95  FF      		db	0ffh
0F96  FF      		db	0ffh
0F97  FF      		db	0ffh
0F98  FF      		db	0ffh
0F99  FF      		db	0ffh
0F9A  FF      		db	0ffh
0F9B  FF      		db	0ffh
0F9C  FF      		db	0ffh
0F9D  FF      		db	0ffh
0F9E  FF      		db	0ffh
0F9F  FF      		db	0ffh
0FA0  FF      		db	0ffh
0FA1  FF      		db	0ffh
0FA2  FF      		db	0ffh
0FA3  FF      		db	0ffh
0FA4  FF      		db	0ffh
0FA5  FF      		db	0ffh
0FA6  FF      		db	0ffh
0FA7  FF      		db	0ffh
0FA8  FF      		db	0ffh
0FA9  FF      		db	0ffh
0FAA  FF      		db	0ffh
0FAB  FF      		db	0ffh
0FAC  FF      		db	0ffh
0FAD  FF      		db	0ffh
0FAE  FF      		db	0ffh
0FAF  FF      		db	0ffh
0FB0  FF      		db	0ffh
0FB1  FF      		db	0ffh
0FB2  FF      		db	0ffh
0FB3  FF      		db	0ffh
0FB4  FF      		db	0ffh
0FB5  FF      		db	0ffh
0FB6  FF      		db	0ffh
0FB7  FF      		db	0ffh
0FB8  FF      		db	0ffh
0FB9  FF      		db	0ffh
0FBA  FF      		db	0ffh
0FBB  FF      		db	0ffh
0FBC  FF      		db	0ffh
0FBD  FF      		db	0ffh
0FBE  FF      		db	0ffh
0FBF  FF      		db	0ffh
0FC0  FF      		db	0ffh
0FC1  FF      		db	0ffh
0FC2  FF      		db	0ffh
0FC3  FF      		db	0ffh
0FC4  FF      		db	0ffh
0FC5  FF      		db	0ffh
0FC6  FF      		db	0ffh
0FC7  FF      		db	0ffh
0FC8  FF      		db	0ffh
0FC9  FF      		db	0ffh
0FCA  FF      		db	0ffh
0FCB  FF      		db	0ffh
0FCC  FF      		db	0ffh
0FCD  FF      		db	0ffh
0FCE  FF      		db	0ffh
0FCF  FF      		db	0ffh
0FD0  FF      		db	0ffh
0FD1  FF      		db	0ffh
0FD2  FF      		db	0ffh
0FD3  FF      		db	0ffh
0FD4  FF      		db	0ffh
0FD5  FF      		db	0ffh
0FD6  FF      		db	0ffh
0FD7  FF      		db	0ffh
0FD8  FF      		db	0ffh
0FD9  FF      		db	0ffh
0FDA  FF      		db	0ffh
0FDB  FF      		db	0ffh
0FDC  FF      		db	0ffh
0FDD  FF      		db	0ffh
0FDE  FF      		db	0ffh
0FDF  FF      		db	0ffh
0FE0  FF      		db	0ffh
0FE1  FF      		db	0ffh
0FE2  FF      		db	0ffh
0FE3  FF      		db	0ffh
0FE4  FF      		db	0ffh
0FE5  FF      		db	0ffh
0FE6  FF      		db	0ffh
0FE7  FF      		db	0ffh
0FE8  FF      		db	0ffh
0FE9  FF      		db	0ffh
0FEA  FF      		db	0ffh
0FEB  FF      		db	0ffh
0FEC  FF      		db	0ffh
0FED  FF      		db	0ffh
0FEE  FF      		db	0ffh
0FEF  FF      		db	0ffh
0FF0  FF      		db	0ffh
0FF1  FF      		db	0ffh
0FF2  FF      		db	0ffh
0FF3  FF      		db	0ffh
0FF4  FF      		db	0ffh
0FF5  FF      		db	0ffh
0FF6  FF      		db	0ffh
0FF7  FF      		db	0ffh
0FF8  FF      		db	0ffh
0FF9  FF      		db	0ffh
0FFA  FF      		db	0ffh
0FFB  FF      		db	0ffh
0FFC  FF      		db	0ffh
0FFD  FF      		db	0ffh
0FFE  FF      		db	0ffh
0FFF  FF      		db	0ffh
		
		; RAM used...
FF00          		org	0ff00h
FF00          	addr0:	ds	2
FF02          	addr1:	ds	2
FF04          	line:	ds	64
		
FF44          		end



Statistics:

     4	passes
     0	jr promotions
   187	symbols
  4096	bytes

  2291	macro calls
  3759	macro bytes
     0	invented symbols
